  [4;36;1mSQL (2.5ms)[0m   [0;1mSET NAMES 'utf8'[0m
  [4;35;1mSQL (2.4ms)[0m   [0mSET SQL_AUTO_IS_NULL=0[0m
  [4;36;1mSQL (34.0ms)[0m   [0;1mSHOW TABLES[0m
  [4;35;1mSQL (65.1ms)[0m   [0mCREATE TABLE `schema_migrations` (`version` varchar(255) NOT NULL) ENGINE=InnoDB[0m
  [4;36;1mSQL (25.7ms)[0m   [0;1mCREATE UNIQUE INDEX `unique_schema_migrations` ON `schema_migrations` (`version`)[0m
  [4;35;1mSQL (2.4ms)[0m   [0mSHOW TABLES[0m
  [4;36;1mSQL (1.9ms)[0m   [0;1mSELECT version FROM schema_migrations[0m
Migrating to CreateCharades (20090403182835)
  [4;35;1mSQL (101.2ms)[0m   [0mCREATE TABLE `charades` (`id` int(11) DEFAULT NULL auto_increment PRIMARY KEY, `name` varchar(255), `question` varchar(255), `answer` varchar(255), `created_at` datetime, `updated_at` datetime) ENGINE=InnoDB[0m
  [4;36;1mSQL (26.9ms)[0m   [0;1mINSERT INTO schema_migrations (version) VALUES ('20090403182835')[0m
Migrating to CreateUsers (20090403184034)
  [4;36;1mSQL (3.2ms)[0m   [0;1mSET NAMES 'utf8'[0m
  [4;35;1mSQL (2.5ms)[0m   [0mSET SQL_AUTO_IS_NULL=0[0m
  [4;36;1mSQL (4.7ms)[0m   [0;1mSHOW TABLES[0m
  [4;35;1mSQL (3.4ms)[0m   [0mSELECT version FROM schema_migrations[0m
Migrating to CreateCharades (20090403182835)
Migrating to CreateUsers (20090403184034)
  [4;36;1mSQL (2.7ms)[0m   [0;1mSET NAMES 'utf8'[0m
  [4;35;1mSQL (2.2ms)[0m   [0mSET SQL_AUTO_IS_NULL=0[0m
  [4;36;1mSQL (3.6ms)[0m   [0;1mSHOW TABLES[0m
  [4;35;1mSQL (3.6ms)[0m   [0mSELECT version FROM schema_migrations[0m
Migrating to CreateCharades (20090403182835)
Migrating to CreateUsers (20090403184034)
  [4;36;1mSQL (102.9ms)[0m   [0;1mCREATE TABLE `users` (`id` int(11) DEFAULT NULL auto_increment PRIMARY KEY, `name` varchar(255), `gravatar` varchar(255), `hits` varchar(255), `created_at` datetime, `updated_at` datetime) ENGINE=InnoDB[0m
  [4;35;1mSQL (36.2ms)[0m   [0mINSERT INTO schema_migrations (version) VALUES ('20090403184034')[0m
  [4;36;1mSQL (8.5ms)[0m   [0;1mSHOW TABLES[0m
  [4;35;1mSQL (7.3ms)[0m   [0mSELECT version FROM schema_migrations[0m
  [4;36;1mSQL (10.0ms)[0m   [0;1mSHOW TABLES[0m
  [4;35;1mSQL (18.8ms)[0m   [0mSHOW FIELDS FROM `charades`[0m
  [4;36;1mSQL (7.7ms)[0m   [0;1mdescribe `charades`[0m
  [4;35;1mSQL (2.9ms)[0m   [0mSHOW KEYS FROM `charades`[0m
  [4;36;1mSQL (8.5ms)[0m   [0;1mSHOW FIELDS FROM `users`[0m
  [4;35;1mSQL (7.3ms)[0m   [0mdescribe `users`[0m
  [4;36;1mSQL (4.5ms)[0m   [0;1mSHOW KEYS FROM `users`[0m
  [4;36;1mSQL (3.1ms)[0m   [0;1mSET NAMES 'utf8'[0m
  [4;35;1mSQL (2.9ms)[0m   [0mSET SQL_AUTO_IS_NULL=0[0m


Processing UsersController#index (for 127.0.0.1 at 2009-04-03 15:48:09) [GET]
  [4;36;1mUser Load (36.2ms)[0m   [0;1mSELECT * FROM `users` [0m
Rendering template within layouts/users
Rendering users/index
Completed in 416ms (View: 337, DB: 42) | 200 OK [http://localhost/users]
  [4;35;1mSQL (1.8ms)[0m   [0mSET NAMES 'utf8'[0m
  [4;36;1mSQL (3.1ms)[0m   [0;1mSET SQL_AUTO_IS_NULL=0[0m


Processing UsersController#new (for 127.0.0.1 at 2009-04-03 15:48:11) [GET]
  [4;35;1mUser Columns (28.8ms)[0m   [0mSHOW FIELDS FROM `users`[0m
Rendering template within layouts/users
Rendering users/new
Completed in 83ms (View: 36, DB: 34) | 200 OK [http://localhost/users/new]
  [4;36;1mSQL (1.9ms)[0m   [0;1mSET NAMES 'utf8'[0m
  [4;35;1mSQL (2.0ms)[0m   [0mSET SQL_AUTO_IS_NULL=0[0m


Processing UsersController#create (for 127.0.0.1 at 2009-04-03 15:48:23) [POST]
  Parameters: {"commit"=>"Create", "authenticity_token"=>"R/f7lmoTJGy7xV85e9KoUbZHLxYqkQvheJW7i1mNbsM=", "user"=>{"hits"=>"1", "name"=>"davi", "gravatar"=>"davi.ruiz@nobre.com.br"}}
  [4;36;1mUser Columns (26.2ms)[0m   [0;1mSHOW FIELDS FROM `users`[0m
  [4;35;1mSQL (29.9ms)[0m   [0mBEGIN[0m
  [4;36;1mUser Create (38.6ms)[0m   [0;1mINSERT INTO `users` (`name`, `hits`, `created_at`, `updated_at`, `gravatar`) VALUES('davi', '1', '2009-04-03 18:48:23', '2009-04-03 18:48:23', 'davi.ruiz@nobre.com.br')[0m
  [4;35;1mSQL (53.7ms)[0m   [0mCOMMIT[0m
Redirected to http://localhost:3000/users/1
Completed in 292ms (DB: 152) | 302 Found [http://localhost/users]
  [4;36;1mSQL (23.8ms)[0m   [0;1mSET NAMES 'utf8'[0m
  [4;35;1mSQL (2.4ms)[0m   [0mSET SQL_AUTO_IS_NULL=0[0m


Processing UsersController#show (for 127.0.0.1 at 2009-04-03 15:48:24) [GET]
  Parameters: {"id"=>"1"}
  [4;36;1mUser Columns (14.2ms)[0m   [0;1mSHOW FIELDS FROM `users`[0m
  [4;35;1mUser Load (95.3ms)[0m   [0mSELECT * FROM `users` WHERE (`users`.`id` = 1) [0m
Rendering template within layouts/users
Rendering users/show
Completed in 172ms (View: 20, DB: 136) | 200 OK [http://localhost/users/1]
  [4;36;1mSQL (2.1ms)[0m   [0;1mSET NAMES 'utf8'[0m
  [4;35;1mSQL (2.0ms)[0m   [0mSET SQL_AUTO_IS_NULL=0[0m


Processing UsersController#index (for 127.0.0.1 at 2009-04-03 15:48:25) [GET]
  [4;36;1mUser Load (28.4ms)[0m   [0;1mSELECT * FROM `users` [0m
Rendering template within layouts/users
Rendering users/index
  [4;35;1mUser Columns (11.6ms)[0m   [0mSHOW FIELDS FROM `users`[0m
Completed in 232ms (View: 20, DB: 44) | 200 OK [http://localhost/users]
  [4;36;1mSQL (1.8ms)[0m   [0;1mSET NAMES 'utf8'[0m
  [4;35;1mSQL (1.9ms)[0m   [0mSET SQL_AUTO_IS_NULL=0[0m


Processing CharadesController#index (for 127.0.0.1 at 2009-04-03 15:48:34) [GET]
  [4;36;1mCharade Load (10.8ms)[0m   [0;1mSELECT * FROM `charades` [0m
Rendering template within layouts/charades
Rendering charades/index
Completed in 163ms (View: 103, DB: 15) | 200 OK [http://localhost/charades]
  [4;35;1mSQL (2.0ms)[0m   [0mSET NAMES 'utf8'[0m
  [4;36;1mSQL (2.0ms)[0m   [0;1mSET SQL_AUTO_IS_NULL=0[0m


Processing CharadesController#new (for 127.0.0.1 at 2009-04-03 15:48:36) [GET]
  [4;35;1mCharade Columns (31.9ms)[0m   [0mSHOW FIELDS FROM `charades`[0m
Rendering template within layouts/charades
Rendering charades/new
Completed in 78ms (View: 37, DB: 36) | 200 OK [http://localhost/charades/new]
  [4;36;1mSQL (8.9ms)[0m   [0;1mSET NAMES 'utf8'[0m
  [4;35;1mSQL (2.4ms)[0m   [0mSET SQL_AUTO_IS_NULL=0[0m


Processing CharadesController#create (for 127.0.0.1 at 2009-04-03 15:49:08) [POST]
  Parameters: {"commit"=>"Create", "charade"=>{"name"=>"O desafio do poço", "question"=>"O que pe um poço?", "answer"=>"é uma meleca"}, "authenticity_token"=>"R/f7lmoTJGy7xV85e9KoUbZHLxYqkQvheJW7i1mNbsM="}
  [4;36;1mCharade Columns (36.5ms)[0m   [0;1mSHOW FIELDS FROM `charades`[0m
  [4;35;1mSQL (6.4ms)[0m   [0mBEGIN[0m
  [4;36;1mCharade Create (3.8ms)[0m   [0;1mINSERT INTO `charades` (`name`, `created_at`, `updated_at`, `question`, `answer`) VALUES('O desafio do poço', '2009-04-03 18:49:08', '2009-04-03 18:49:08', 'O que pe um poço?', 'é uma meleca')[0m
  [4;35;1mSQL (40.2ms)[0m   [0mCOMMIT[0m
Redirected to http://localhost:3000/charades/1
Completed in 122ms (DB: 98) | 302 Found [http://localhost/charades]
  [4;36;1mSQL (4.9ms)[0m   [0;1mSET NAMES 'utf8'[0m
  [4;35;1mSQL (5.9ms)[0m   [0mSET SQL_AUTO_IS_NULL=0[0m


Processing CharadesController#show (for 127.0.0.1 at 2009-04-03 15:49:08) [GET]
  Parameters: {"id"=>"1"}
  [4;36;1mCharade Columns (16.5ms)[0m   [0;1mSHOW FIELDS FROM `charades`[0m
  [4;35;1mCharade Load (3.5ms)[0m   [0mSELECT * FROM `charades` WHERE (`charades`.`id` = 1) [0m
Rendering template within layouts/charades
Rendering charades/show
Completed in 89ms (View: 43, DB: 31) | 200 OK [http://localhost/charades/1]
  [4;36;1mSQL (1.9ms)[0m   [0;1mSET NAMES 'utf8'[0m
  [4;35;1mSQL (2.1ms)[0m   [0mSET SQL_AUTO_IS_NULL=0[0m


Processing CharadesController#index (for 127.0.0.1 at 2009-04-03 15:49:12) [GET]
  [4;36;1mCharade Load (12.8ms)[0m   [0;1mSELECT * FROM `charades` [0m
Rendering template within layouts/charades
Rendering charades/index
  [4;35;1mCharade Columns (24.2ms)[0m   [0mSHOW FIELDS FROM `charades`[0m
Completed in 59ms (View: 11, DB: 41) | 200 OK [http://localhost/charades]
  [4;36;1mSQL (3.4ms)[0m   [0;1mSET NAMES 'utf8'[0m
  [4;35;1mSQL (2.3ms)[0m   [0mSET SQL_AUTO_IS_NULL=0[0m
  [4;36;1mSQL (4.2ms)[0m   [0;1mSHOW TABLES[0m
  [4;35;1mSQL (3.1ms)[0m   [0mSELECT version FROM schema_migrations[0m
  [4;36;1mSQL (4.1ms)[0m   [0;1mSHOW TABLES[0m
  [4;35;1mSQL (4.7ms)[0m   [0mSELECT version FROM schema_migrations[0m
Migrating to CreateUsers (20090403184034)
  [4;36;1mSQL (122.2ms)[0m   [0;1mDROP TABLE `users`[0m
  [4;35;1mSQL (76.3ms)[0m   [0mDELETE FROM schema_migrations WHERE version = '20090403184034'[0m
  [4;36;1mSQL (4.2ms)[0m   [0;1mSHOW TABLES[0m
  [4;35;1mSQL (3.7ms)[0m   [0mSELECT version FROM schema_migrations[0m
  [4;36;1mSQL (4.3ms)[0m   [0;1mSHOW TABLES[0m
  [4;35;1mSQL (10.9ms)[0m   [0mSHOW FIELDS FROM `charades`[0m
  [4;36;1mSQL (10.9ms)[0m   [0;1mdescribe `charades`[0m
  [4;35;1mSQL (7.9ms)[0m   [0mSHOW KEYS FROM `charades`[0m
  [4;36;1mSQL (2.4ms)[0m   [0;1mSET NAMES 'utf8'[0m
  [4;35;1mSQL (2.9ms)[0m   [0mSET SQL_AUTO_IS_NULL=0[0m
  [4;36;1mSQL (3.2ms)[0m   [0;1mSHOW TABLES[0m
  [4;35;1mSQL (6.2ms)[0m   [0mSELECT version FROM schema_migrations[0m
Migrating to CreateCharades (20090403182835)
Migrating to CreateUsers (20090403184034)
  [4;36;1mSQL (102.4ms)[0m   [0;1mCREATE TABLE `users` (`id` int(11) DEFAULT NULL auto_increment PRIMARY KEY, `name` varchar(255), `gravatar` varchar(255), `hits` int(11), `created_at` datetime, `updated_at` datetime) ENGINE=InnoDB[0m
  [4;35;1mSQL (9.4ms)[0m   [0mINSERT INTO schema_migrations (version) VALUES ('20090403184034')[0m
  [4;36;1mSQL (13.5ms)[0m   [0;1mSHOW TABLES[0m
  [4;35;1mSQL (4.5ms)[0m   [0mSELECT version FROM schema_migrations[0m
  [4;36;1mSQL (17.0ms)[0m   [0;1mSHOW TABLES[0m
  [4;35;1mSQL (12.3ms)[0m   [0mSHOW FIELDS FROM `charades`[0m
  [4;36;1mSQL (8.6ms)[0m   [0;1mdescribe `charades`[0m
  [4;35;1mSQL (16.7ms)[0m   [0mSHOW KEYS FROM `charades`[0m
  [4;36;1mSQL (17.7ms)[0m   [0;1mSHOW FIELDS FROM `users`[0m
  [4;35;1mSQL (17.9ms)[0m   [0mdescribe `users`[0m
  [4;36;1mSQL (16.7ms)[0m   [0;1mSHOW KEYS FROM `users`[0m
  [4;36;1mSQL (2.5ms)[0m   [0;1mSET NAMES 'utf8'[0m
  [4;35;1mSQL (2.3ms)[0m   [0mSET SQL_AUTO_IS_NULL=0[0m
  [4;36;1mSQL (3.2ms)[0m   [0;1mSHOW TABLES[0m
  [4;35;1mSQL (3.0ms)[0m   [0mSELECT version FROM schema_migrations[0m
Migrating to CreateCharades (20090403182835)
Migrating to CreateUsers (20090403184034)
Migrating to CreateHalls (20090403185736)
  [4;36;1mSQL (93.1ms)[0m   [0;1mCREATE TABLE `halls` (`id` int(11) DEFAULT NULL auto_increment PRIMARY KEY, `user_id` int(11), `date` datetime, `created_at` datetime, `updated_at` datetime) ENGINE=InnoDB[0m
  [4;35;1mSQL (7.9ms)[0m   [0mINSERT INTO schema_migrations (version) VALUES ('20090403185736')[0m
  [4;36;1mSQL (25.4ms)[0m   [0;1mSHOW TABLES[0m
  [4;35;1mSQL (3.2ms)[0m   [0mSELECT version FROM schema_migrations[0m
  [4;36;1mSQL (3.4ms)[0m   [0;1mSHOW TABLES[0m
  [4;35;1mSQL (12.7ms)[0m   [0mSHOW FIELDS FROM `charades`[0m
  [4;36;1mSQL (7.3ms)[0m   [0;1mdescribe `charades`[0m
  [4;35;1mSQL (6.3ms)[0m   [0mSHOW KEYS FROM `charades`[0m
  [4;36;1mSQL (28.2ms)[0m   [0;1mSHOW FIELDS FROM `halls`[0m
  [4;35;1mSQL (28.5ms)[0m   [0mdescribe `halls`[0m
  [4;36;1mSQL (3.9ms)[0m   [0;1mSHOW KEYS FROM `halls`[0m
  [4;35;1mSQL (6.6ms)[0m   [0mSHOW FIELDS FROM `users`[0m
  [4;36;1mSQL (7.8ms)[0m   [0;1mdescribe `users`[0m
  [4;35;1mSQL (4.2ms)[0m   [0mSHOW KEYS FROM `users`[0m
  [4;36;1mSQL (2.7ms)[0m   [0;1mSET NAMES 'utf8'[0m
  [4;35;1mSQL (2.4ms)[0m   [0mSET SQL_AUTO_IS_NULL=0[0m
  [4;36;1mSQL (3.6ms)[0m   [0;1mSHOW TABLES[0m
  [4;35;1mSQL (3.3ms)[0m   [0mSELECT version FROM schema_migrations[0m
  [4;36;1mSQL (2.2ms)[0m   [0;1mSHOW TABLES[0m
  [4;35;1mSQL (2.6ms)[0m   [0mSELECT version FROM schema_migrations[0m
Migrating to CreateHalls (20090403185736)
  [4;36;1mSQL (82.9ms)[0m   [0;1mDROP TABLE `halls`[0m
  [4;35;1mSQL (51.9ms)[0m   [0mDELETE FROM schema_migrations WHERE version = '20090403185736'[0m
  [4;36;1mSQL (16.5ms)[0m   [0;1mSHOW TABLES[0m
  [4;35;1mSQL (3.0ms)[0m   [0mSELECT version FROM schema_migrations[0m
  [4;36;1mSQL (4.2ms)[0m   [0;1mSHOW TABLES[0m
  [4;35;1mSQL (12.8ms)[0m   [0mSHOW FIELDS FROM `charades`[0m
  [4;36;1mSQL (25.3ms)[0m   [0;1mdescribe `charades`[0m
  [4;35;1mSQL (15.2ms)[0m   [0mSHOW KEYS FROM `charades`[0m
  [4;36;1mSQL (8.2ms)[0m   [0;1mSHOW FIELDS FROM `users`[0m
  [4;35;1mSQL (11.9ms)[0m   [0mdescribe `users`[0m
  [4;36;1mSQL (3.9ms)[0m   [0;1mSHOW KEYS FROM `users`[0m
  [4;36;1mSQL (3.9ms)[0m   [0;1mSET NAMES 'utf8'[0m
  [4;35;1mSQL (3.4ms)[0m   [0mSET SQL_AUTO_IS_NULL=0[0m
  [4;36;1mSQL (3.4ms)[0m   [0;1mSHOW TABLES[0m
  [4;35;1mSQL (13.5ms)[0m   [0mSELECT version FROM schema_migrations[0m
Migrating to CreateCharades (20090403182835)
Migrating to CreateUsers (20090403184034)
Migrating to CreateHalls (20090403185736)
  [4;36;1mSQL (98.4ms)[0m   [0;1mCREATE TABLE `halls` (`id` int(11) DEFAULT NULL auto_increment PRIMARY KEY, `user_id` int(11), `charade_id` int(11), `date` datetime, `created_at` datetime, `updated_at` datetime) ENGINE=InnoDB[0m
  [4;35;1mSQL (22.2ms)[0m   [0mINSERT INTO schema_migrations (version) VALUES ('20090403185736')[0m
  [4;36;1mSQL (19.2ms)[0m   [0;1mSHOW TABLES[0m
  [4;35;1mSQL (3.6ms)[0m   [0mSELECT version FROM schema_migrations[0m
  [4;36;1mSQL (2.9ms)[0m   [0;1mSHOW TABLES[0m
  [4;35;1mSQL (15.7ms)[0m   [0mSHOW FIELDS FROM `charades`[0m
  [4;36;1mSQL (7.5ms)[0m   [0;1mdescribe `charades`[0m
  [4;35;1mSQL (15.2ms)[0m   [0mSHOW KEYS FROM `charades`[0m
  [4;36;1mSQL (9.0ms)[0m   [0;1mSHOW FIELDS FROM `halls`[0m
  [4;35;1mSQL (25.4ms)[0m   [0mdescribe `halls`[0m
  [4;36;1mSQL (7.7ms)[0m   [0;1mSHOW KEYS FROM `halls`[0m
  [4;35;1mSQL (7.9ms)[0m   [0mSHOW FIELDS FROM `users`[0m
  [4;36;1mSQL (9.0ms)[0m   [0;1mdescribe `users`[0m
  [4;35;1mSQL (2.8ms)[0m   [0mSHOW KEYS FROM `users`[0m
  [4;36;1mSQL (5.7ms)[0m   [0;1mSET NAMES 'utf8'[0m
  [4;35;1mSQL (12.6ms)[0m   [0mSET SQL_AUTO_IS_NULL=0[0m


Processing ApplicationController#index (for 127.0.0.1 at 2009-04-03 16:14:11) [GET]

ActionController::RoutingError (No route matches "/" with {:method=>:get}):
  

Rendering rescues/layout (not_found)
  [4;36;1mSQL (5.0ms)[0m   [0;1mSET NAMES 'utf8'[0m
  [4;35;1mSQL (2.2ms)[0m   [0mSET SQL_AUTO_IS_NULL=0[0m


Processing ApplicationController#index (for 127.0.0.1 at 2009-04-03 16:14:24) [GET]

ActionController::RoutingError (No route matches "/" with {:method=>:get}):
  

Rendering rescues/layout (not_found)
  [4;36;1mSQL (4.6ms)[0m   [0;1mSET NAMES 'utf8'[0m
  [4;35;1mSQL (3.2ms)[0m   [0mSET SQL_AUTO_IS_NULL=0[0m


Processing WelcomeController#index (for 127.0.0.1 at 2009-04-03 16:17:24) [GET]
Rendering welcome/index

ActionView::TemplateError (wrong number of arguments (1 for 2)) on line #15 of app/views/welcome/index.html.erb:
12: 	<div id="left">
13: 	 O que é o que é?<br>
14: 	 resposta:<br>
15:          <%= text_field :teste %>
16:          <%= submmit_field :teste %>
17: 	</div>
18: 	<div id="right">

    app/views/welcome/index.html.erb:15:in `text_field'
    app/views/welcome/index.html.erb:15

Rendered rescues/_trace (202.9ms)
Rendered rescues/_request_and_response (46.9ms)
Rendering rescues/layout (internal_server_error)
  [4;36;1mSQL (2.7ms)[0m   [0;1mSET NAMES 'utf8'[0m
  [4;35;1mSQL (2.0ms)[0m   [0mSET SQL_AUTO_IS_NULL=0[0m


Processing WelcomeController#index (for 127.0.0.1 at 2009-04-03 16:19:57) [GET]
Rendering welcome/index

ActionView::TemplateError (undefined method `submmit_field_tag' for #<ActionView::Base:0xb7a6bd5c>) on line #16 of app/views/welcome/index.html.erb:
13: 	 O que é o que é?<br>
14: 	 resposta:<br>
15:          <%= text_field_tag :teste %>
16:          <%= submmit_field_tag :teste %>
17: 	</div>
18: 	<div id="right">
19: 

    app/views/welcome/index.html.erb:16

Rendered rescues/_trace (723.1ms)
Rendered rescues/_request_and_response (0.3ms)
Rendering rescues/layout (internal_server_error)
  [4;36;1mSQL (2.1ms)[0m   [0;1mSET NAMES 'utf8'[0m
  [4;35;1mSQL (2.0ms)[0m   [0mSET SQL_AUTO_IS_NULL=0[0m


Processing WelcomeController#index (for 127.0.0.1 at 2009-04-03 16:20:19) [GET]
Rendering welcome/index

ActionView::TemplateError (undefined method `submmit_tag' for #<ActionView::Base:0xb7bc3434>) on line #16 of app/views/welcome/index.html.erb:
13: 	 O que é o que é?<br>
14: 	 resposta:<br>
15:          <%= text_field_tag :teste %>
16:          <%= submmit_tag :teste %>
17: 	</div>
18: 	<div id="right">
19: 

    app/views/welcome/index.html.erb:16

Rendered rescues/_trace (137.1ms)
Rendered rescues/_request_and_response (0.6ms)
Rendering rescues/layout (internal_server_error)
  [4;36;1mSQL (3.0ms)[0m   [0;1mSET NAMES 'utf8'[0m
  [4;35;1mSQL (2.2ms)[0m   [0mSET SQL_AUTO_IS_NULL=0[0m


Processing WelcomeController#index (for 127.0.0.1 at 2009-04-03 16:20:29) [GET]
Rendering welcome/index
Completed in 15ms (View: 14, DB: 5) | 200 OK [http://localhost/]
  [4;36;1mSQL (2.6ms)[0m   [0;1mSET NAMES 'utf8'[0m
  [4;35;1mSQL (2.5ms)[0m   [0mSET SQL_AUTO_IS_NULL=0[0m


Processing WelcomeController#index (for 127.0.0.1 at 2009-04-03 16:20:47) [GET]
Rendering welcome/index

ActionView::TemplateError (undefined local variable or method `enviar' for #<ActionView::Base:0xb7c62de0>) on line #16 of app/views/welcome/index.html.erb:
13: 	 O que é o que é?<br>
14: 	 resposta:<br>
15:          <%= text_field_tag :teste %>
16:          <%= submit_tag enviar %>
17: 	</div>
18: 	<div id="right">
19: 

    app/views/welcome/index.html.erb:16

Rendered rescues/_trace (152.8ms)
Rendered rescues/_request_and_response (1.1ms)
Rendering rescues/layout (internal_server_error)
  [4;36;1mSQL (2.5ms)[0m   [0;1mSET NAMES 'utf8'[0m
  [4;35;1mSQL (2.0ms)[0m   [0mSET SQL_AUTO_IS_NULL=0[0m


Processing WelcomeController#index (for 127.0.0.1 at 2009-04-03 16:20:56) [GET]
Rendering welcome/index
Completed in 13ms (View: 9, DB: 5) | 200 OK [http://localhost/]
  [4;36;1mSQL (2.2ms)[0m   [0;1mSET NAMES 'utf8'[0m
  [4;35;1mSQL (2.6ms)[0m   [0mSET SQL_AUTO_IS_NULL=0[0m


Processing WelcomeController#index (for 127.0.0.1 at 2009-04-03 16:23:30) [GET]
  [4;36;1mUser Load (11.2ms)[0m   [0;1mSELECT * FROM `users` [0m
Rendering welcome/index
Completed in 47ms (View: 7, DB: 16) | 200 OK [http://localhost/]
  [4;35;1mSQL (1.9ms)[0m   [0mSET NAMES 'utf8'[0m
  [4;36;1mSQL (1.8ms)[0m   [0;1mSET SQL_AUTO_IS_NULL=0[0m


Processing WelcomeController#index (for 127.0.0.1 at 2009-04-03 16:23:40) [GET]
  [4;35;1mUser Load (44.7ms)[0m   [0mSELECT * FROM `users` [0m
Rendering welcome/index
Completed in 57ms (View: 2, DB: 48) | 200 OK [http://localhost/]
  [4;36;1mSQL (2.3ms)[0m   [0;1mSET NAMES 'utf8'[0m
  [4;35;1mSQL (2.6ms)[0m   [0mSET SQL_AUTO_IS_NULL=0[0m


Processing WelcomeController#index (for 127.0.0.1 at 2009-04-03 16:24:12) [GET]
  [4;36;1mUser Load (13.8ms)[0m   [0;1mSELECT * FROM `users` [0m
Rendering welcome/index
Completed in 41ms (View: 8, DB: 19) | 200 OK [http://localhost/]
  [4;35;1mSQL (2.2ms)[0m   [0mSET NAMES 'utf8'[0m
  [4;36;1mSQL (4.3ms)[0m   [0;1mSET SQL_AUTO_IS_NULL=0[0m


Processing WelcomeController#index (for 127.0.0.1 at 2009-04-03 16:24:14) [GET]
  [4;35;1mUser Load (24.9ms)[0m   [0mSELECT * FROM `users` [0m
Rendering welcome/index
Completed in 48ms (View: 2, DB: 31) | 200 OK [http://localhost/]
  [4;36;1mSQL (1.9ms)[0m   [0;1mSET NAMES 'utf8'[0m
  [4;35;1mSQL (2.6ms)[0m   [0mSET SQL_AUTO_IS_NULL=0[0m


Processing WelcomeController#index (for 127.0.0.1 at 2009-04-03 16:24:22) [GET]
  [4;36;1mUser Load (14.9ms)[0m   [0;1mSELECT * FROM `users` [0m
Rendering welcome/index
Completed in 47ms (View: 22, DB: 19) | 200 OK [http://localhost/]
  [4;35;1mSQL (3.1ms)[0m   [0mSET NAMES 'utf8'[0m
  [4;36;1mSQL (2.5ms)[0m   [0;1mSET SQL_AUTO_IS_NULL=0[0m


Processing WelcomeController#index (for 127.0.0.1 at 2009-04-03 16:24:27) [GET]
  [4;35;1mUser Load (21.0ms)[0m   [0mSELECT * FROM `users` [0m
Rendering welcome/index
Completed in 61ms (View: 8, DB: 27) | 200 OK [http://localhost/]
  [4;36;1mSQL (7.0ms)[0m   [0;1mSET NAMES 'utf8'[0m
  [4;35;1mSQL (2.2ms)[0m   [0mSET SQL_AUTO_IS_NULL=0[0m


Processing WelcomeController#index (for 127.0.0.1 at 2009-04-03 16:24:40) [GET]
  [4;36;1mUser Load (16.3ms)[0m   [0;1mSELECT * FROM `users` [0m
Rendering welcome/index
Completed in 35ms (View: 2, DB: 26) | 200 OK [http://localhost/]
  [4;35;1mSQL (2.0ms)[0m   [0mSET NAMES 'utf8'[0m
  [4;36;1mSQL (3.4ms)[0m   [0;1mSET SQL_AUTO_IS_NULL=0[0m


Processing ApplicationController#index (for 127.0.0.1 at 2009-04-03 16:25:05) [GET]

ActionController::RoutingError (No route matches "/user" with {:method=>:get}):
  

Rendering rescues/layout (not_found)
  [4;35;1mSQL (3.1ms)[0m   [0mSET NAMES 'utf8'[0m
  [4;36;1mSQL (2.2ms)[0m   [0;1mSET SQL_AUTO_IS_NULL=0[0m


Processing UsersController#index (for 127.0.0.1 at 2009-04-03 16:25:09) [GET]
  [4;35;1mUser Load (14.7ms)[0m   [0mSELECT * FROM `users` [0m
Rendering template within layouts/users
Rendering users/index
Completed in 134ms (View: 92, DB: 20) | 200 OK [http://localhost/users]
  [4;36;1mSQL (2.4ms)[0m   [0;1mSET NAMES 'utf8'[0m
  [4;35;1mSQL (2.7ms)[0m   [0mSET SQL_AUTO_IS_NULL=0[0m


Processing UsersController#new (for 127.0.0.1 at 2009-04-03 16:25:11) [GET]
  [4;36;1mUser Columns (56.5ms)[0m   [0;1mSHOW FIELDS FROM `users`[0m
Rendering template within layouts/users
Rendering users/new
Completed in 172ms (View: 103, DB: 62) | 200 OK [http://localhost/users/new]
  [4;35;1mSQL (2.6ms)[0m   [0mSET NAMES 'utf8'[0m
  [4;36;1mSQL (3.0ms)[0m   [0;1mSET SQL_AUTO_IS_NULL=0[0m


Processing UsersController#create (for 127.0.0.1 at 2009-04-03 16:25:32) [POST]
  Parameters: {"commit"=>"Create", "authenticity_token"=>"R/f7lmoTJGy7xV85e9KoUbZHLxYqkQvheJW7i1mNbsM=", "user"=>{"hits"=>"1", "name"=>"Davi Ruiz", "gravatar"=>"davi.psr@gmail.com"}}
  [4;35;1mUser Columns (36.5ms)[0m   [0mSHOW FIELDS FROM `users`[0m
  [4;36;1mSQL (2.2ms)[0m   [0;1mBEGIN[0m
  [4;35;1mUser Create (13.8ms)[0m   [0mINSERT INTO `users` (`name`, `hits`, `created_at`, `updated_at`, `gravatar`) VALUES('Davi Ruiz', 1, '2009-04-03 19:25:32', '2009-04-03 19:25:32', 'davi.psr@gmail.com')[0m
  [4;36;1mSQL (57.6ms)[0m   [0;1mCOMMIT[0m
Redirected to http://localhost:3000/users/1
Completed in 267ms (DB: 116) | 302 Found [http://localhost/users]
  [4;35;1mSQL (2.6ms)[0m   [0mSET NAMES 'utf8'[0m
  [4;36;1mSQL (29.1ms)[0m   [0;1mSET SQL_AUTO_IS_NULL=0[0m


Processing UsersController#show (for 127.0.0.1 at 2009-04-03 16:25:33) [GET]
  Parameters: {"id"=>"1"}
  [4;35;1mUser Columns (16.9ms)[0m   [0mSHOW FIELDS FROM `users`[0m
  [4;36;1mUser Load (9.1ms)[0m   [0;1mSELECT * FROM `users` WHERE (`users`.`id` = 1) [0m
Rendering template within layouts/users
Rendering users/show
Completed in 74ms (View: 23, DB: 58) | 200 OK [http://localhost/users/1]
  [4;35;1mSQL (2.1ms)[0m   [0mSET NAMES 'utf8'[0m
  [4;36;1mSQL (2.0ms)[0m   [0;1mSET SQL_AUTO_IS_NULL=0[0m


Processing UsersController#index (for 127.0.0.1 at 2009-04-03 16:25:35) [GET]
  [4;35;1mUser Load (21.4ms)[0m   [0mSELECT * FROM `users` [0m
Rendering template within layouts/users
Rendering users/index
  [4;36;1mUser Columns (23.1ms)[0m   [0;1mSHOW FIELDS FROM `users`[0m
Completed in 67ms (View: 10, DB: 49) | 200 OK [http://localhost/users]
  [4;35;1mSQL (2.5ms)[0m   [0mSET NAMES 'utf8'[0m
  [4;36;1mSQL (4.5ms)[0m   [0;1mSET SQL_AUTO_IS_NULL=0[0m


Processing WelcomeController#index (for 127.0.0.1 at 2009-04-03 16:25:39) [GET]
  [4;35;1mUser Load (13.6ms)[0m   [0mSELECT * FROM `users` [0m
Rendering welcome/index
  [4;36;1mUser Columns (19.0ms)[0m   [0;1mSHOW FIELDS FROM `users`[0m
Completed in 116ms (View: 37, DB: 40) | 200 OK [http://localhost/]
  [4;36;1mSQL (4.2ms)[0m   [0;1mSET NAMES 'utf8'[0m
  [4;35;1mSQL (3.9ms)[0m   [0mSET SQL_AUTO_IS_NULL=0[0m


Processing HallsController#index (for 127.0.0.1 at 2009-04-03 16:34:08) [GET]

NoMethodError (undefined method `assert_valid_keys' for :charades:Symbol):
  (eval):3:in `has_many'
  app/models/hall.rb:2
  app/controllers/halls_controller.rb:5:in `index'

Rendered rescues/_trace (252.8ms)
Rendered rescues/_request_and_response (2.6ms)
Rendering rescues/layout (internal_server_error)
  [4;36;1mSQL (2.7ms)[0m   [0;1mSET NAMES 'utf8'[0m
  [4;35;1mSQL (2.0ms)[0m   [0mSET SQL_AUTO_IS_NULL=0[0m


Processing HallsController#index (for 127.0.0.1 at 2009-04-03 16:35:06) [GET]
  [4;36;1mHall Load (31.0ms)[0m   [0;1mSELECT * FROM `halls` [0m
Rendering template within layouts/halls
Rendering halls/index
Completed in 313ms (View: 139, DB: 36) | 200 OK [http://localhost/halls]
  [4;35;1mSQL (3.0ms)[0m   [0mSET NAMES 'utf8'[0m
  [4;36;1mSQL (4.1ms)[0m   [0;1mSET SQL_AUTO_IS_NULL=0[0m


Processing HallsController#new (for 127.0.0.1 at 2009-04-03 16:35:09) [GET]
  [4;35;1mHall Columns (23.8ms)[0m   [0mSHOW FIELDS FROM `halls`[0m
Rendering template within layouts/halls
Rendering halls/new
Completed in 1154ms (View: 1098, DB: 31) | 200 OK [http://localhost/halls/new]
  [4;36;1mSQL (2.4ms)[0m   [0;1mSET NAMES 'utf8'[0m
  [4;35;1mSQL (2.6ms)[0m   [0mSET SQL_AUTO_IS_NULL=0[0m


Processing HallsController#create (for 127.0.0.1 at 2009-04-03 16:35:32) [POST]
  Parameters: {"commit"=>"Create", "hall"=>{"date(1i)"=>"2009", "date(2i)"=>"4", "date(3i)"=>"3", "date(4i)"=>"19", "date(5i)"=>"35", "user_id"=>"1", "charade_id"=>"1"}, "authenticity_token"=>"R/f7lmoTJGy7xV85e9KoUbZHLxYqkQvheJW7i1mNbsM="}
  [4;36;1mHall Columns (43.3ms)[0m   [0;1mSHOW FIELDS FROM `halls`[0m
  [4;35;1mSQL (5.2ms)[0m   [0mBEGIN[0m
  [4;36;1mHall Create (6.8ms)[0m   [0;1mINSERT INTO `halls` (`created_at`, `updated_at`, `date`, `user_id`, `charade_id`) VALUES('2009-04-03 19:35:32', '2009-04-03 19:35:32', '2009-04-03 19:35:00', 1, 1)[0m
  [4;35;1mSQL (193.0ms)[0m   [0mCOMMIT[0m
Redirected to http://localhost:3000/halls/1
Completed in 417ms (DB: 253) | 302 Found [http://localhost/halls]
  [4;36;1mSQL (3.1ms)[0m   [0;1mSET NAMES 'utf8'[0m
  [4;35;1mSQL (7.6ms)[0m   [0mSET SQL_AUTO_IS_NULL=0[0m


Processing HallsController#show (for 127.0.0.1 at 2009-04-03 16:35:33) [GET]
  Parameters: {"id"=>"1"}
  [4;36;1mHall Columns (32.1ms)[0m   [0;1mSHOW FIELDS FROM `halls`[0m
  [4;35;1mHall Load (5.5ms)[0m   [0mSELECT * FROM `halls` WHERE (`halls`.`id` = 1) [0m
Rendering template within layouts/halls
Rendering halls/show
Completed in 91ms (View: 33, DB: 48) | 200 OK [http://localhost/halls/1]
  [4;36;1mSQL (2.0ms)[0m   [0;1mSET NAMES 'utf8'[0m
  [4;35;1mSQL (2.1ms)[0m   [0mSET SQL_AUTO_IS_NULL=0[0m


Processing HallsController#index (for 127.0.0.1 at 2009-04-03 16:35:38) [GET]
  [4;36;1mHall Load (16.0ms)[0m   [0;1mSELECT * FROM `halls` [0m
Rendering template within layouts/halls
Rendering halls/index
  [4;35;1mHall Columns (33.2ms)[0m   [0mSHOW FIELDS FROM `halls`[0m
Completed in 121ms (View: 39, DB: 53) | 200 OK [http://localhost/halls]
  [4;36;1mSQL (2.9ms)[0m   [0;1mSET NAMES 'utf8'[0m
  [4;35;1mSQL (2.1ms)[0m   [0mSET SQL_AUTO_IS_NULL=0[0m


Processing WelcomeController#index (for 127.0.0.1 at 2009-04-03 16:35:49) [GET]
  [4;36;1mHall Load (9.2ms)[0m   [0;1mSELECT * FROM `halls` [0m
Rendering welcome/index
  [4;35;1mHall Columns (14.0ms)[0m   [0mSHOW FIELDS FROM `halls`[0m
  [4;36;1mUser Load (0.0ms)[0m   [0;1mMysql::Error: Unknown column 'users.hall_id' in 'where clause': SELECT * FROM `users` WHERE (`users`.hall_id = 1) [0m

ActionView::TemplateError (Mysql::Error: Unknown column 'users.hall_id' in 'where clause': SELECT * FROM `users` WHERE (`users`.hall_id = 1) ) on line #20 of app/views/welcome/index.html.erb:
17: 	</div>
18: 	<div id="right">
19:    	  <% for hall in @halls %>
20:  	    <% for user in hall.users %>
21: 	      <%= user.name %><br>
22:             <% end %>
23: 	  <% end %>

    app/views/welcome/index.html.erb:20
    app/views/welcome/index.html.erb:19:in `each'
    app/views/welcome/index.html.erb:19

Rendered rescues/_trace (1141.9ms)
Rendered rescues/_request_and_response (8.9ms)
Rendering rescues/layout (internal_server_error)
  [4;35;1mSQL (2.0ms)[0m   [0mSET NAMES 'utf8'[0m
  [4;36;1mSQL (2.3ms)[0m   [0;1mSET SQL_AUTO_IS_NULL=0[0m


Processing WelcomeController#index (for 127.0.0.1 at 2009-04-03 16:36:59) [GET]
  [4;35;1mHall Load (26.0ms)[0m   [0mSELECT * FROM `halls` [0m
Rendering welcome/index

ActionView::TemplateError (uninitialized constant Hall::Users) on line #20 of app/views/welcome/index.html.erb:
17: 	</div>
18: 	<div id="right">
19:    	  <% for hall in @halls %>
20:  	    <% for user in hall.users %>
21: 	      <%= user.name %><br>
22:             <% end %>
23: 	  <% end %>

    app/views/welcome/index.html.erb:20
    app/views/welcome/index.html.erb:19:in `each'
    app/views/welcome/index.html.erb:19

Rendered rescues/_trace (160.7ms)
Rendered rescues/_request_and_response (0.5ms)
Rendering rescues/layout (internal_server_error)
  [4;36;1mSQL (2.3ms)[0m   [0;1mSET NAMES 'utf8'[0m
  [4;35;1mSQL (3.0ms)[0m   [0mSET SQL_AUTO_IS_NULL=0[0m


Processing WelcomeController#index (for 127.0.0.1 at 2009-04-03 16:37:18) [GET]
  [4;36;1mHall Load (19.0ms)[0m   [0;1mSELECT * FROM `halls` [0m
Rendering welcome/index
  [4;35;1mHall Columns (36.5ms)[0m   [0mSHOW FIELDS FROM `halls`[0m

ActionView::TemplateError (undefined method `users' for #<Hall:0xb76f69c4>) on line #20 of app/views/welcome/index.html.erb:
17: 	</div>
18: 	<div id="right">
19:    	  <% for hall in @halls %>
20:  	    <% for user in hall.users %>
21: 	      <%= user.name %><br>
22:             <% end %>
23: 	  <% end %>

    app/views/welcome/index.html.erb:20
    app/views/welcome/index.html.erb:19:in `each'
    app/views/welcome/index.html.erb:19

Rendered rescues/_trace (304.6ms)
Rendered rescues/_request_and_response (0.5ms)
Rendering rescues/layout (internal_server_error)
  [4;36;1mSQL (2.4ms)[0m   [0;1mSET NAMES 'utf8'[0m
  [4;35;1mSQL (2.3ms)[0m   [0mSET SQL_AUTO_IS_NULL=0[0m


Processing WelcomeController#index (for 127.0.0.1 at 2009-04-03 16:37:34) [GET]
  [4;36;1mHall Load (6.3ms)[0m   [0;1mSELECT * FROM `halls` [0m
Rendering welcome/index
  [4;35;1mHall Columns (22.1ms)[0m   [0mSHOW FIELDS FROM `halls`[0m

ActionView::TemplateError (undefined method `users' for #<Hall:0xb77e63fc>) on line #20 of app/views/welcome/index.html.erb:
17: 	</div>
18: 	<div id="right">
19:    	  <% for hall in @halls %>
20:  	    <% for user in hall.users %>
21: 	      <%= user.name %><br>
22:             <% end %>
23: 	  <% end %>

    app/views/welcome/index.html.erb:20
    app/views/welcome/index.html.erb:19:in `each'
    app/views/welcome/index.html.erb:19

Rendered rescues/_trace (179.2ms)
Rendered rescues/_request_and_response (0.8ms)
Rendering rescues/layout (internal_server_error)
  [4;36;1mSQL (3.5ms)[0m   [0;1mSET NAMES 'utf8'[0m
  [4;35;1mSQL (3.1ms)[0m   [0mSET SQL_AUTO_IS_NULL=0[0m
  [4;36;1mSQL (29.4ms)[0m   [0;1mSHOW TABLES[0m
  [4;35;1mSQL (70.4ms)[0m   [0mSELECT version FROM schema_migrations[0m
  [4;36;1mSQL (5.0ms)[0m   [0;1mSHOW TABLES[0m
  [4;35;1mSQL (4.7ms)[0m   [0mSELECT version FROM schema_migrations[0m
Migrating to CreateHalls (20090403185736)
  [4;36;1mSQL (251.0ms)[0m   [0;1mDROP TABLE `halls`[0m
  [4;35;1mSQL (131.3ms)[0m   [0mDELETE FROM schema_migrations WHERE version = '20090403185736'[0m
  [4;36;1mSQL (13.8ms)[0m   [0;1mSHOW TABLES[0m
  [4;35;1mSQL (2.6ms)[0m   [0mSELECT version FROM schema_migrations[0m
  [4;36;1mSQL (3.2ms)[0m   [0;1mSHOW TABLES[0m
  [4;35;1mSQL (12.7ms)[0m   [0mSHOW FIELDS FROM `charades`[0m
  [4;36;1mSQL (13.0ms)[0m   [0;1mdescribe `charades`[0m
  [4;35;1mSQL (5.1ms)[0m   [0mSHOW KEYS FROM `charades`[0m
  [4;36;1mSQL (6.6ms)[0m   [0;1mSHOW FIELDS FROM `users`[0m
  [4;35;1mSQL (9.2ms)[0m   [0mdescribe `users`[0m
  [4;36;1mSQL (21.4ms)[0m   [0;1mSHOW KEYS FROM `users`[0m
  [4;36;1mSQL (10.2ms)[0m   [0;1mSET NAMES 'utf8'[0m
  [4;35;1mSQL (2.4ms)[0m   [0mSET SQL_AUTO_IS_NULL=0[0m
  [4;36;1mSQL (4.0ms)[0m   [0;1mSHOW TABLES[0m
  [4;35;1mSQL (4.7ms)[0m   [0mSELECT version FROM schema_migrations[0m
Migrating to CreateCharades (20090403182835)
Migrating to CreateUsers (20090403184034)
Migrating to CreateHalls (20090403185736)
  [4;36;1mSQL (87.6ms)[0m   [0;1mCREATE TABLE `halls` (`id` int(11) DEFAULT NULL auto_increment PRIMARY KEY, `user_id` int(11), `charade_id` int(11), `date` datetime, `created_at` datetime, `updated_at` datetime) ENGINE=InnoDB[0m
  [4;35;1mSQL (25.8ms)[0m   [0mINSERT INTO schema_migrations (version) VALUES ('20090403185736')[0m
  [4;36;1mSQL (6.9ms)[0m   [0;1mSHOW TABLES[0m
  [4;35;1mSQL (3.5ms)[0m   [0mSELECT version FROM schema_migrations[0m
  [4;36;1mSQL (3.1ms)[0m   [0;1mSHOW TABLES[0m
  [4;35;1mSQL (13.3ms)[0m   [0mSHOW FIELDS FROM `charades`[0m
  [4;36;1mSQL (9.4ms)[0m   [0;1mdescribe `charades`[0m
  [4;35;1mSQL (3.0ms)[0m   [0mSHOW KEYS FROM `charades`[0m
  [4;36;1mSQL (8.8ms)[0m   [0;1mSHOW FIELDS FROM `halls`[0m
  [4;35;1mSQL (7.4ms)[0m   [0mdescribe `halls`[0m
  [4;36;1mSQL (20.2ms)[0m   [0;1mSHOW KEYS FROM `halls`[0m
  [4;35;1mSQL (8.9ms)[0m   [0mSHOW FIELDS FROM `users`[0m
  [4;36;1mSQL (10.4ms)[0m   [0;1mdescribe `users`[0m
  [4;35;1mSQL (3.9ms)[0m   [0mSHOW KEYS FROM `users`[0m
  [4;36;1mSQL (6.9ms)[0m   [0;1mSET NAMES 'utf8'[0m
  [4;35;1mSQL (36.8ms)[0m   [0mSET SQL_AUTO_IS_NULL=0[0m


Processing HallsController#index (for 127.0.0.1 at 2009-04-03 16:57:29) [GET]
  [4;36;1mHall Load (25.6ms)[0m   [0;1mSELECT * FROM `halls` [0m
Rendering template within layouts/halls
Rendering halls/index
Completed in 572ms (View: 377, DB: 69) | 200 OK [http://localhost/halls]
  [4;35;1mSQL (3.9ms)[0m   [0mSET NAMES 'utf8'[0m
  [4;36;1mSQL (7.0ms)[0m   [0;1mSET SQL_AUTO_IS_NULL=0[0m


Processing HallsController#new (for 127.0.0.1 at 2009-04-03 16:57:33) [GET]
  [4;35;1mHall Columns (171.6ms)[0m   [0mSHOW FIELDS FROM `halls`[0m
Rendering template within layouts/halls
Rendering halls/new
Completed in 3741ms (View: 3506, DB: 182) | 200 OK [http://localhost/halls/new]
  [4;36;1mSQL (2.5ms)[0m   [0;1mSET NAMES 'utf8'[0m
  [4;35;1mSQL (2.9ms)[0m   [0mSET SQL_AUTO_IS_NULL=0[0m


Processing HallsController#create (for 127.0.0.1 at 2009-04-03 16:57:49) [POST]
  Parameters: {"commit"=>"Create", "hall"=>{"date(1i)"=>"2009", "date(2i)"=>"4", "date(3i)"=>"3", "date(4i)"=>"19", "date(5i)"=>"57", "user_id"=>"1", "charade_id"=>"1"}, "authenticity_token"=>"R/f7lmoTJGy7xV85e9KoUbZHLxYqkQvheJW7i1mNbsM="}
  [4;36;1mHall Columns (52.5ms)[0m   [0;1mSHOW FIELDS FROM `halls`[0m
  [4;35;1mSQL (11.5ms)[0m   [0mBEGIN[0m
  [4;36;1mHall Create (17.3ms)[0m   [0;1mINSERT INTO `halls` (`created_at`, `updated_at`, `date`, `user_id`, `charade_id`) VALUES('2009-04-03 19:57:49', '2009-04-03 19:57:49', '2009-04-03 19:57:00', 1, 1)[0m
  [4;35;1mSQL (167.3ms)[0m   [0mCOMMIT[0m
Redirected to http://localhost:3000/halls/1
Completed in 548ms (DB: 254) | 302 Found [http://localhost/halls]
  [4;36;1mSQL (2.1ms)[0m   [0;1mSET NAMES 'utf8'[0m
  [4;35;1mSQL (2.0ms)[0m   [0mSET SQL_AUTO_IS_NULL=0[0m


Processing HallsController#show (for 127.0.0.1 at 2009-04-03 16:57:50) [GET]
  Parameters: {"id"=>"1"}
  [4;36;1mHall Columns (22.2ms)[0m   [0;1mSHOW FIELDS FROM `halls`[0m
  [4;35;1mHall Load (13.1ms)[0m   [0mSELECT * FROM `halls` WHERE (`halls`.`id` = 1) [0m
Rendering template within layouts/halls
Rendering halls/show
Completed in 94ms (View: 35, DB: 39) | 200 OK [http://localhost/halls/1]
  [4;36;1mSQL (3.5ms)[0m   [0;1mSET NAMES 'utf8'[0m
  [4;35;1mSQL (9.1ms)[0m   [0mSET SQL_AUTO_IS_NULL=0[0m


Processing HallsController#index (for 127.0.0.1 at 2009-04-03 16:57:54) [GET]
  [4;36;1mHall Load (30.5ms)[0m   [0;1mSELECT * FROM `halls` [0m
Rendering template within layouts/halls
Rendering halls/index
  [4;35;1mHall Columns (55.6ms)[0m   [0mSHOW FIELDS FROM `halls`[0m
Completed in 150ms (View: 31, DB: 99) | 200 OK [http://localhost/halls]
  [4;36;1mSQL (5.8ms)[0m   [0;1mSET NAMES 'utf8'[0m
  [4;35;1mSQL (4.9ms)[0m   [0mSET SQL_AUTO_IS_NULL=0[0m


Processing WelcomeController#index (for 127.0.0.1 at 2009-04-03 16:57:59) [GET]
  [4;36;1mHall Load (37.3ms)[0m   [0;1mSELECT * FROM `halls` LIMIT 1[0m
Rendering welcome/index
  [4;35;1mHall Columns (30.1ms)[0m   [0mSHOW FIELDS FROM `halls`[0m

ActionView::TemplateError (undefined method `each' for #<Hall:0xb77b340c>) on line #19 of app/views/welcome/index.html.erb:
16:          <%= submit_tag :enviar %>
17: 	</div>
18: 	<div id="right">
19:    	  <% for hall in @halls %>
20:  	    <% for user in hall.users %>
21: 	      <%= user.name %><br>
22:             <% end %>

    app/views/welcome/index.html.erb:19

Rendered rescues/_trace (802.8ms)
Rendered rescues/_request_and_response (101.3ms)
Rendering rescues/layout (internal_server_error)
  [4;36;1mSQL (254.7ms)[0m   [0;1mSET NAMES 'utf8'[0m
  [4;35;1mSQL (15.2ms)[0m   [0mSET SQL_AUTO_IS_NULL=0[0m


Processing HallsController#index (for 127.0.0.1 at 2009-04-03 16:58:52) [GET]
  [4;36;1mHall Load (7.5ms)[0m   [0;1mSELECT * FROM `halls` [0m
Rendering template within layouts/halls
Rendering halls/index
  [4;35;1mHall Columns (69.1ms)[0m   [0mSHOW FIELDS FROM `halls`[0m
Completed in 770ms (View: 231, DB: 346) | 200 OK [http://localhost/halls]
  [4;36;1mSQL (2.6ms)[0m   [0;1mSET NAMES 'utf8'[0m
  [4;35;1mSQL (2.9ms)[0m   [0mSET SQL_AUTO_IS_NULL=0[0m


Processing HallsController#new (for 127.0.0.1 at 2009-04-03 16:58:57) [GET]
  [4;36;1mHall Columns (62.0ms)[0m   [0;1mSHOW FIELDS FROM `halls`[0m
Rendering template within layouts/halls
Rendering halls/new
Completed in 477ms (View: 376, DB: 68) | 200 OK [http://localhost/halls/new]
  [4;35;1mSQL (2.8ms)[0m   [0mSET NAMES 'utf8'[0m
  [4;36;1mSQL (4.0ms)[0m   [0;1mSET SQL_AUTO_IS_NULL=0[0m


Processing HallsController#create (for 127.0.0.1 at 2009-04-03 16:59:08) [POST]
  Parameters: {"commit"=>"Create", "hall"=>{"date(1i)"=>"2009", "date(2i)"=>"4", "date(3i)"=>"3", "date(4i)"=>"19", "date(5i)"=>"58", "user_id"=>"1", "charade_id"=>"2"}, "authenticity_token"=>"R/f7lmoTJGy7xV85e9KoUbZHLxYqkQvheJW7i1mNbsM="}
  [4;35;1mHall Columns (36.5ms)[0m   [0mSHOW FIELDS FROM `halls`[0m
  [4;36;1mSQL (57.4ms)[0m   [0;1mBEGIN[0m
  [4;35;1mHall Create (61.7ms)[0m   [0mINSERT INTO `halls` (`created_at`, `updated_at`, `date`, `user_id`, `charade_id`) VALUES('2009-04-03 19:59:08', '2009-04-03 19:59:08', '2009-04-03 19:58:00', 1, 2)[0m
  [4;36;1mSQL (172.4ms)[0m   [0;1mCOMMIT[0m
Redirected to http://localhost:3000/halls/2
Completed in 645ms (DB: 335) | 302 Found [http://localhost/halls]
  [4;35;1mSQL (3.4ms)[0m   [0mSET NAMES 'utf8'[0m
  [4;36;1mSQL (4.3ms)[0m   [0;1mSET SQL_AUTO_IS_NULL=0[0m


Processing HallsController#show (for 127.0.0.1 at 2009-04-03 16:59:09) [GET]
  Parameters: {"id"=>"2"}
  [4;35;1mHall Columns (33.2ms)[0m   [0mSHOW FIELDS FROM `halls`[0m
  [4;36;1mHall Load (16.7ms)[0m   [0;1mSELECT * FROM `halls` WHERE (`halls`.`id` = 2) [0m
Rendering template within layouts/halls
Rendering halls/show
Completed in 118ms (View: 24, DB: 58) | 200 OK [http://localhost/halls/2]
  [4;35;1mSQL (3.6ms)[0m   [0mSET NAMES 'utf8'[0m
  [4;36;1mSQL (11.1ms)[0m   [0;1mSET SQL_AUTO_IS_NULL=0[0m


Processing WelcomeController#index (for 127.0.0.1 at 2009-04-03 16:59:16) [GET]
  [4;35;1mHall Load (29.8ms)[0m   [0mSELECT * FROM `halls` LIMIT 1[0m
Rendering welcome/index
  [4;36;1mHall Columns (21.9ms)[0m   [0;1mSHOW FIELDS FROM `halls`[0m

ActionView::TemplateError (undefined method `each' for #<Hall:0xb773cce4>) on line #19 of app/views/welcome/index.html.erb:
16:          <%= submit_tag :enviar %>
17: 	</div>
18: 	<div id="right">
19:    	  <% for hall in @halls %>
20:  	    <% for user in hall.users %>
21: 	      <%= user.name %><br>
22:             <% end %>

    app/views/welcome/index.html.erb:19

Rendered rescues/_trace (1295.0ms)
Rendered rescues/_request_and_response (0.7ms)
Rendering rescues/layout (internal_server_error)
  [4;35;1mSQL (16.2ms)[0m   [0mSET NAMES 'utf8'[0m
  [4;36;1mSQL (36.4ms)[0m   [0;1mSET SQL_AUTO_IS_NULL=0[0m


Processing WelcomeController#index (for 127.0.0.1 at 2009-04-03 16:59:37) [GET]
  [4;35;1mHall Load (8.4ms)[0m   [0mSELECT * FROM `halls` [0m
Rendering welcome/index
  [4;36;1mHall Columns (52.2ms)[0m   [0;1mSHOW FIELDS FROM `halls`[0m

ActionView::TemplateError (undefined method `users' for #<Hall:0xb7808204>) on line #20 of app/views/welcome/index.html.erb:
17: 	</div>
18: 	<div id="right">
19:    	  <% for hall in @halls %>
20:  	    <% for user in hall.users %>
21: 	      <%= user.name %><br>
22:             <% end %>
23: 	  <% end %>

    app/views/welcome/index.html.erb:20
    app/views/welcome/index.html.erb:19:in `each'
    app/views/welcome/index.html.erb:19

Rendered rescues/_trace (180.4ms)
Rendered rescues/_request_and_response (0.6ms)
Rendering rescues/layout (internal_server_error)
  [4;35;1mSQL (2.1ms)[0m   [0mSET NAMES 'utf8'[0m
  [4;36;1mSQL (4.9ms)[0m   [0;1mSET SQL_AUTO_IS_NULL=0[0m


Processing WelcomeController#index (for 127.0.0.1 at 2009-04-03 17:02:19) [GET]
  [4;35;1mHall Load (9.6ms)[0m   [0mSELECT * FROM `halls` [0m
Rendering welcome/index
  [4;36;1mHall Columns (48.2ms)[0m   [0;1mSHOW FIELDS FROM `halls`[0m
  [4;35;1mUser Columns (56.6ms)[0m   [0mSHOW FIELDS FROM `users`[0m
  [4;36;1mUser Load (297.7ms)[0m   [0;1mSELECT * FROM `users` WHERE (`users`.`id` = 1) [0m
  [4;35;1mCACHE (0.0ms)[0m   [0mSELECT * FROM `users` WHERE (`users`.`id` = 1) [0m
Completed in 1066ms (View: 599, DB: 419) | 200 OK [http://localhost/]
  [4;36;1mSQL (2.7ms)[0m   [0;1mSET NAMES 'utf8'[0m
  [4;35;1mSQL (2.5ms)[0m   [0mSET SQL_AUTO_IS_NULL=0[0m


Processing WelcomeController#index (for 127.0.0.1 at 2009-04-03 17:03:13) [GET]
  [4;36;1mHall Load (10.8ms)[0m   [0;1mSELECT * FROM `halls` [0m
Rendering welcome/index
  [4;35;1mHall Columns (34.2ms)[0m   [0mSHOW FIELDS FROM `halls`[0m

ActionView::TemplateError (undefined method `user' for #<Hall:0xb787db08>) on line #21 of app/views/welcome/index.html.erb:
18: 	<div id="right">
19:    	  <% for hall in @halls %>
20: 
21: 	      <%= hall.user.name %><br>
22: 
23: 	  <% end %>
24: 	</div>

    app/views/welcome/index.html.erb:21
    app/views/welcome/index.html.erb:19:in `each'
    app/views/welcome/index.html.erb:19

Rendered rescues/_trace (112.5ms)
Rendered rescues/_request_and_response (0.6ms)
Rendering rescues/layout (internal_server_error)
  [4;36;1mSQL (2.1ms)[0m   [0;1mSET NAMES 'utf8'[0m
  [4;35;1mSQL (1.7ms)[0m   [0mSET SQL_AUTO_IS_NULL=0[0m


Processing WelcomeController#index (for 127.0.0.1 at 2009-04-03 17:03:39) [GET]
  [4;36;1mHall Load (4.3ms)[0m   [0;1mSELECT * FROM `halls` [0m
Rendering welcome/index

ActionView::TemplateError (uninitialized constant Hall::Users) on line #20 of app/views/welcome/index.html.erb:
17: 	</div>
18: 	<div id="right">
19:    	  <% for hall in @halls %>
20:  	    <% for user in hall.users %>
21: 	      <%= user.name %><br>
22:             <% end %>
23: 	  <% end %>

    app/views/welcome/index.html.erb:20
    app/views/welcome/index.html.erb:19:in `each'
    app/views/welcome/index.html.erb:19

Rendered rescues/_trace (373.1ms)
Rendered rescues/_request_and_response (0.6ms)
Rendering rescues/layout (internal_server_error)
  [4;35;1mSQL (3.1ms)[0m   [0mSET NAMES 'utf8'[0m
  [4;36;1mSQL (2.5ms)[0m   [0;1mSET SQL_AUTO_IS_NULL=0[0m


Processing WelcomeController#index (for 127.0.0.1 at 2009-04-03 17:04:57) [GET]

TypeError (wrong argument type String (expected Module)):
  app/models/hall.rb:2:in `include'
  app/models/hall.rb:2
  app/controllers/welcome_controller.rb:3:in `index'

Rendered rescues/_trace (157.0ms)
Rendered rescues/_request_and_response (1.3ms)
Rendering rescues/layout (internal_server_error)
  [4;36;1mSQL (2.6ms)[0m   [0;1mSET NAMES 'utf8'[0m
  [4;35;1mSQL (2.8ms)[0m   [0mSET SQL_AUTO_IS_NULL=0[0m
  [4;36;1mSQL (5.3ms)[0m   [0;1mSHOW TABLES[0m
  [4;35;1mSQL (14.4ms)[0m   [0mSELECT version FROM schema_migrations[0m
  [4;36;1mSQL (3.1ms)[0m   [0;1mSHOW TABLES[0m
  [4;35;1mSQL (2.6ms)[0m   [0mSELECT version FROM schema_migrations[0m
Migrating to CreateHalls (20090403185736)
  [4;36;1mSQL (774.4ms)[0m   [0;1mDROP TABLE `halls`[0m
  [4;35;1mSQL (255.1ms)[0m   [0mDELETE FROM schema_migrations WHERE version = '20090403185736'[0m
  [4;36;1mSQL (9.5ms)[0m   [0;1mSHOW TABLES[0m
  [4;35;1mSQL (3.0ms)[0m   [0mSELECT version FROM schema_migrations[0m
  [4;36;1mSQL (2.8ms)[0m   [0;1mSHOW TABLES[0m
  [4;35;1mSQL (11.3ms)[0m   [0mSHOW FIELDS FROM `charades`[0m
  [4;36;1mSQL (8.7ms)[0m   [0;1mdescribe `charades`[0m
  [4;35;1mSQL (34.7ms)[0m   [0mSHOW KEYS FROM `charades`[0m
  [4;36;1mSQL (8.3ms)[0m   [0;1mSHOW FIELDS FROM `users`[0m
  [4;35;1mSQL (9.0ms)[0m   [0mdescribe `users`[0m
  [4;36;1mSQL (4.5ms)[0m   [0;1mSHOW KEYS FROM `users`[0m
  [4;36;1mSQL (3.5ms)[0m   [0;1mSET NAMES 'utf8'[0m
  [4;35;1mSQL (11.6ms)[0m   [0mSET SQL_AUTO_IS_NULL=0[0m
  [4;36;1mSQL (3.7ms)[0m   [0;1mSHOW TABLES[0m
  [4;35;1mSQL (2.7ms)[0m   [0mSELECT version FROM schema_migrations[0m
Migrating to CreateCharades (20090403182835)
Migrating to CreateUsers (20090403184034)
Migrating to CreateHalls (20090403185736)
  [4;36;1mSQL (152.0ms)[0m   [0;1mCREATE TABLE `halls` (`id` int(11) DEFAULT NULL auto_increment PRIMARY KEY, `charade_id` int(11), `date` datetime, `created_at` datetime, `updated_at` datetime) ENGINE=InnoDB[0m
  [4;35;1mSQL (35.7ms)[0m   [0mINSERT INTO schema_migrations (version) VALUES ('20090403185736')[0m
Migrating to CreateWinners (20090403201017)
  [4;36;1mSQL (2.8ms)[0m   [0;1mSET NAMES 'utf8'[0m
  [4;35;1mSQL (2.2ms)[0m   [0mSET SQL_AUTO_IS_NULL=0[0m
  [4;36;1mSQL (3.1ms)[0m   [0;1mSHOW TABLES[0m
  [4;35;1mSQL (3.4ms)[0m   [0mSELECT version FROM schema_migrations[0m
Migrating to CreateCharades (20090403182835)
Migrating to CreateUsers (20090403184034)
Migrating to CreateHalls (20090403185736)
Migrating to CreateWinners (20090403201017)
  [4;36;1mSQL (2.4ms)[0m   [0;1mSET NAMES 'utf8'[0m
  [4;35;1mSQL (2.4ms)[0m   [0mSET SQL_AUTO_IS_NULL=0[0m
  [4;36;1mSQL (3.1ms)[0m   [0;1mSHOW TABLES[0m
  [4;35;1mSQL (3.4ms)[0m   [0mSELECT version FROM schema_migrations[0m
Migrating to CreateCharades (20090403182835)
Migrating to CreateUsers (20090403184034)
Migrating to CreateHalls (20090403185736)
Migrating to CreateWinners (20090403201017)
  [4;36;1mSQL (251.3ms)[0m   [0;1mCREATE TABLE `winners` (`id` int(11) DEFAULT NULL auto_increment PRIMARY KEY, `hall_id` int(11), `user_id` int(11), `created_at` datetime, `updated_at` datetime) ENGINE=InnoDB[0m
  [4;35;1mSQL (14.9ms)[0m   [0mINSERT INTO schema_migrations (version) VALUES ('20090403201017')[0m
  [4;36;1mSQL (4.1ms)[0m   [0;1mSHOW TABLES[0m
  [4;35;1mSQL (10.3ms)[0m   [0mSELECT version FROM schema_migrations[0m
  [4;36;1mSQL (6.2ms)[0m   [0;1mSHOW TABLES[0m
  [4;35;1mSQL (17.5ms)[0m   [0mSHOW FIELDS FROM `charades`[0m
  [4;36;1mSQL (8.8ms)[0m   [0;1mdescribe `charades`[0m
  [4;35;1mSQL (3.4ms)[0m   [0mSHOW KEYS FROM `charades`[0m
  [4;36;1mSQL (6.4ms)[0m   [0;1mSHOW FIELDS FROM `halls`[0m
  [4;35;1mSQL (10.6ms)[0m   [0mdescribe `halls`[0m
  [4;36;1mSQL (3.3ms)[0m   [0;1mSHOW KEYS FROM `halls`[0m
  [4;35;1mSQL (7.2ms)[0m   [0mSHOW FIELDS FROM `users`[0m
  [4;36;1mSQL (9.6ms)[0m   [0;1mdescribe `users`[0m
  [4;35;1mSQL (4.1ms)[0m   [0mSHOW KEYS FROM `users`[0m
  [4;36;1mSQL (7.7ms)[0m   [0;1mSHOW FIELDS FROM `winners`[0m
  [4;35;1mSQL (9.7ms)[0m   [0mdescribe `winners`[0m
  [4;36;1mSQL (5.1ms)[0m   [0;1mSHOW KEYS FROM `winners`[0m
  [4;36;1mSQL (3.1ms)[0m   [0;1mSET NAMES 'utf8'[0m
  [4;35;1mSQL (2.4ms)[0m   [0mSET SQL_AUTO_IS_NULL=0[0m


Processing WelcomeController#index (for 127.0.0.1 at 2009-04-03 17:19:44) [GET]
  [4;36;1mHall Load (15.1ms)[0m   [0;1mSELECT * FROM `halls` [0m
Rendering welcome/index
Completed in 281ms (View: 32, DB: 21) | 200 OK [http://localhost/]
  [4;35;1mSQL (2.9ms)[0m   [0mSET NAMES 'utf8'[0m
  [4;36;1mSQL (2.3ms)[0m   [0;1mSET SQL_AUTO_IS_NULL=0[0m


Processing HallsController#index (for 127.0.0.1 at 2009-04-03 17:20:12) [GET]
  [4;35;1mHall Load (19.0ms)[0m   [0mSELECT * FROM `halls` [0m
Rendering template within layouts/halls
Rendering halls/index
Completed in 172ms (View: 134, DB: 24) | 200 OK [http://localhost/halls]
  [4;36;1mSQL (2.6ms)[0m   [0;1mSET NAMES 'utf8'[0m
  [4;35;1mSQL (1.5ms)[0m   [0mSET SQL_AUTO_IS_NULL=0[0m


Processing WelcomeController#index (for 127.0.0.1 at 2009-04-03 17:24:29) [GET]
  [4;36;1mHall Load (6.2ms)[0m   [0;1mSELECT * FROM `halls` LIMIT 1[0m
Rendering welcome/index

ActionView::TemplateError (You have a nil object when you didn't expect it!
You might have expected an instance of Array.
The error occurred while evaluating nil.each) on line #19 of app/views/welcome/index.html.erb:
16:          <%= submit_tag :enviar %>
17: 	</div>
18: 	<div id="right">
19:    	  <% for hall in @halls %>
20:  	    <% for user in hall.users %>
21: 	      <%= user.name %><br>
22:             <% end %>

    app/views/welcome/index.html.erb:19

Rendered rescues/_trace (184.4ms)
Rendered rescues/_request_and_response (32.9ms)
Rendering rescues/layout (internal_server_error)
  [4;35;1mSQL (1.7ms)[0m   [0mSET NAMES 'utf8'[0m
  [4;36;1mSQL (1.8ms)[0m   [0;1mSET SQL_AUTO_IS_NULL=0[0m


Processing HallsController#index (for 127.0.0.1 at 2009-04-03 17:24:46) [GET]
  [4;35;1mHall Load (6.8ms)[0m   [0mSELECT * FROM `halls` [0m
Rendering template within layouts/halls
Rendering halls/index
Completed in 70ms (View: 36, DB: 10) | 200 OK [http://localhost/halls]
  [4;36;1mSQL (1.6ms)[0m   [0;1mSET NAMES 'utf8'[0m
  [4;35;1mSQL (1.6ms)[0m   [0mSET SQL_AUTO_IS_NULL=0[0m


Processing HallsController#new (for 127.0.0.1 at 2009-04-03 17:24:50) [GET]
  [4;36;1mHall Columns (61.1ms)[0m   [0;1mSHOW FIELDS FROM `halls`[0m
Rendering template within layouts/halls
Rendering halls/new

ActionView::TemplateError (undefined method `user_id' for #<Hall:0xb7ee3f24>) on line #8 of app/views/halls/new.html.erb:
5: 
6:   <p>
7:     <%= f.label :user_id %><br />
8:     <%= f.text_field :user_id %>
9:   </p>
10:   <p>
11:     <%= f.label :charade_id %><br />

    app/views/halls/new.html.erb:8
    app/views/halls/new.html.erb:3
    app/controllers/halls_controller.rb:29:in `new'

Rendered rescues/_trace (327.9ms)
Rendered rescues/_request_and_response (15.3ms)
Rendering rescues/layout (internal_server_error)
  [4;35;1mSQL (1.9ms)[0m   [0mSET NAMES 'utf8'[0m
  [4;36;1mSQL (1.8ms)[0m   [0;1mSET SQL_AUTO_IS_NULL=0[0m


Processing HallsController#new (for 127.0.0.1 at 2009-04-03 17:27:44) [GET]
  [4;35;1mHall Columns (32.1ms)[0m   [0mSHOW FIELDS FROM `halls`[0m
Rendering template within layouts/halls
Rendering halls/new
Completed in 905ms (View: 847, DB: 36) | 200 OK [http://localhost/halls/new]
  [4;36;1mSQL (2.1ms)[0m   [0;1mSET NAMES 'utf8'[0m
  [4;35;1mSQL (1.8ms)[0m   [0mSET SQL_AUTO_IS_NULL=0[0m


Processing HallsController#create (for 127.0.0.1 at 2009-04-03 17:27:53) [POST]
  Parameters: {"commit"=>"Create", "hall"=>{"date(1i)"=>"2009", "date(2i)"=>"4", "date(3i)"=>"3", "date(4i)"=>"20", "date(5i)"=>"27", "charade_id"=>"1"}, "authenticity_token"=>"R/f7lmoTJGy7xV85e9KoUbZHLxYqkQvheJW7i1mNbsM="}
  [4;36;1mHall Columns (37.8ms)[0m   [0;1mSHOW FIELDS FROM `halls`[0m
  [4;35;1mSQL (17.1ms)[0m   [0mBEGIN[0m
  [4;36;1mHall Create (13.2ms)[0m   [0;1mINSERT INTO `halls` (`created_at`, `updated_at`, `date`, `charade_id`) VALUES('2009-04-03 20:27:54', '2009-04-03 20:27:54', '2009-04-03 20:27:00', 1)[0m
  [4;35;1mSQL (20.9ms)[0m   [0mCOMMIT[0m
Redirected to http://localhost:3000/halls/1
Completed in 694ms (DB: 93) | 302 Found [http://localhost/halls]
  [4;36;1mSQL (2.0ms)[0m   [0;1mSET NAMES 'utf8'[0m
  [4;35;1mSQL (1.6ms)[0m   [0mSET SQL_AUTO_IS_NULL=0[0m


Processing HallsController#show (for 127.0.0.1 at 2009-04-03 17:27:54) [GET]
  Parameters: {"id"=>"1"}
  [4;36;1mHall Columns (28.1ms)[0m   [0;1mSHOW FIELDS FROM `halls`[0m
  [4;35;1mHall Load (2.3ms)[0m   [0mSELECT * FROM `halls` WHERE (`halls`.`id` = 1) [0m
Rendering template within layouts/halls
Rendering halls/show
Completed in 126ms (View: 60, DB: 34) | 200 OK [http://localhost/halls/1]
  [4;36;1mSQL (1.6ms)[0m   [0;1mSET NAMES 'utf8'[0m
  [4;35;1mSQL (2.1ms)[0m   [0mSET SQL_AUTO_IS_NULL=0[0m


Processing HallsController#index (for 127.0.0.1 at 2009-04-03 17:27:56) [GET]
  [4;36;1mHall Load (35.1ms)[0m   [0;1mSELECT * FROM `halls` [0m
Rendering template within layouts/halls
Rendering halls/index
  [4;35;1mHall Columns (23.6ms)[0m   [0mSHOW FIELDS FROM `halls`[0m
Completed in 94ms (View: 18, DB: 62) | 200 OK [http://localhost/halls]
  [4;36;1mSQL (1.8ms)[0m   [0;1mSET NAMES 'utf8'[0m
  [4;35;1mSQL (2.5ms)[0m   [0mSET SQL_AUTO_IS_NULL=0[0m


Processing HallsController#index (for 127.0.0.1 at 2009-04-03 17:27:57) [GET]
  [4;36;1mHall Load (4.2ms)[0m   [0;1mSELECT * FROM `halls` [0m
Rendering template within layouts/halls
Rendering halls/index
  [4;35;1mHall Columns (26.3ms)[0m   [0mSHOW FIELDS FROM `halls`[0m
Completed in 70ms (View: 13, DB: 35) | 200 OK [http://localhost/halls]
  [4;36;1mSQL (1.2ms)[0m   [0;1mSET NAMES 'utf8'[0m
  [4;35;1mSQL (1.3ms)[0m   [0mSET SQL_AUTO_IS_NULL=0[0m


Processing HallsController#index (for 127.0.0.1 at 2009-04-03 17:28:01) [GET]
  [4;36;1mHall Load (3.2ms)[0m   [0;1mSELECT * FROM `halls` [0m
Rendering template within layouts/halls
Rendering halls/index
  [4;35;1mHall Columns (26.7ms)[0m   [0mSHOW FIELDS FROM `halls`[0m
Completed in 100ms (View: 12, DB: 32) | 200 OK [http://localhost/halls]
  [4;36;1mSQL (1.3ms)[0m   [0;1mSET NAMES 'utf8'[0m
  [4;35;1mSQL (1.3ms)[0m   [0mSET SQL_AUTO_IS_NULL=0[0m


Processing WelcomeController#index (for 127.0.0.1 at 2009-04-03 17:28:05) [GET]
  [4;36;1mHall Load (8.5ms)[0m   [0;1mSELECT * FROM `halls` LIMIT 1[0m
Rendering welcome/index
  [4;35;1mHall Columns (16.3ms)[0m   [0mSHOW FIELDS FROM `halls`[0m

ActionView::TemplateError (undefined method `each' for #<Hall:0xb774ce00>) on line #19 of app/views/welcome/index.html.erb:
16:          <%= submit_tag :enviar %>
17: 	</div>
18: 	<div id="right">
19:    	  <% for hall in @halls %>
20:  	    <% for user in hall.users %>
21: 	      <%= user.name %><br>
22:             <% end %>

    app/views/welcome/index.html.erb:19

Rendered rescues/_trace (410.3ms)
Rendered rescues/_request_and_response (0.5ms)
Rendering rescues/layout (internal_server_error)
  [4;36;1mSQL (1.4ms)[0m   [0;1mSET NAMES 'utf8'[0m
  [4;35;1mSQL (1.2ms)[0m   [0mSET SQL_AUTO_IS_NULL=0[0m


Processing WelcomeController#index (for 127.0.0.1 at 2009-04-03 17:28:23) [GET]
  [4;36;1mHall Load (3.8ms)[0m   [0;1mSELECT * FROM `halls` [0m
Rendering welcome/index

ActionView::TemplateError (Could not find the source association(s) :user or :users in model Winner.  Try 'has_many :users, :through => :winners, :source => <name>'.  Is it one of ?) on line #20 of app/views/welcome/index.html.erb:
17: 	</div>
18: 	<div id="right">
19:    	  <% for hall in @halls %>
20:  	    <% for user in hall.users %>
21: 	      <%= user.name %><br>
22:             <% end %>
23: 	  <% end %>

    app/views/welcome/index.html.erb:20
    app/views/welcome/index.html.erb:19:in `each'
    app/views/welcome/index.html.erb:19

Rendered rescues/_trace (132.1ms)
Rendered rescues/_request_and_response (0.5ms)
Rendering rescues/layout (internal_server_error)
  [4;35;1mSQL (1.9ms)[0m   [0mSET NAMES 'utf8'[0m
  [4;36;1mSQL (2.4ms)[0m   [0;1mSET SQL_AUTO_IS_NULL=0[0m


Processing WelcomeController#index (for 127.0.0.1 at 2009-04-03 17:29:12) [GET]
  [4;35;1mHall Load (2.9ms)[0m   [0mSELECT * FROM `halls` [0m
Rendering welcome/index

ActionView::TemplateError (Could not find the source association(s) :user or :users in model Winner.  Try 'has_many :users, :through => :winners, :source => <name>'.  Is it one of ?) on line #20 of app/views/welcome/index.html.erb:
17: 	</div>
18: 	<div id="right">
19:    	  <% for hall in @halls %>
20:  	    <% for user in hall.users %>
21: 	      <%= user.name %><br>
22:             <% end %>
23: 	  <% end %>

    app/views/welcome/index.html.erb:20
    app/views/welcome/index.html.erb:19:in `each'
    app/views/welcome/index.html.erb:19

Rendered rescues/_trace (149.7ms)
Rendered rescues/_request_and_response (0.4ms)
Rendering rescues/layout (internal_server_error)
  [4;36;1mSQL (1.4ms)[0m   [0;1mSET NAMES 'utf8'[0m
  [4;35;1mSQL (2.0ms)[0m   [0mSET SQL_AUTO_IS_NULL=0[0m


Processing WelcomeController#index (for 127.0.0.1 at 2009-04-03 17:30:52) [GET]
  [4;36;1mHall Load (7.2ms)[0m   [0;1mSELECT * FROM `halls` [0m
Rendering welcome/index
  [4;35;1mHall Columns (34.4ms)[0m   [0mSHOW FIELDS FROM `halls`[0m
  [4;36;1mUser Load (28.0ms)[0m   [0;1mSELECT `users`.* FROM `users` INNER JOIN `winners` ON `users`.id = `winners`.user_id WHERE ((`winners`.hall_id = 1)) [0m
  [4;35;1mUser Columns (13.5ms)[0m   [0mSHOW FIELDS FROM `users`[0m
Completed in 163ms (View: 51, DB: 86) | 200 OK [http://localhost/]
  [4;36;1mSQL (2.4ms)[0m   [0;1mSET NAMES 'utf8'[0m
  [4;35;1mSQL (1.4ms)[0m   [0mSET SQL_AUTO_IS_NULL=0[0m


Processing ApplicationController#index (for 127.0.0.1 at 2009-04-03 17:31:21) [GET]

ActionController::RoutingError (No route matches "/user" with {:method=>:get}):
  

Rendering rescues/layout (not_found)
  [4;36;1mSQL (3.0ms)[0m   [0;1mSET NAMES 'utf8'[0m
  [4;35;1mSQL (1.5ms)[0m   [0mSET SQL_AUTO_IS_NULL=0[0m


Processing UsersController#index (for 127.0.0.1 at 2009-04-03 17:31:29) [GET]
  [4;36;1mUser Load (7.6ms)[0m   [0;1mSELECT * FROM `users` [0m
Rendering template within layouts/users
Rendering users/index
  [4;35;1mUser Columns (15.7ms)[0m   [0mSHOW FIELDS FROM `users`[0m
Completed in 396ms (View: 344, DB: 28) | 200 OK [http://localhost/users]
  [4;36;1mSQL (1.3ms)[0m   [0;1mSET NAMES 'utf8'[0m
  [4;35;1mSQL (1.3ms)[0m   [0mSET SQL_AUTO_IS_NULL=0[0m


Processing UsersController#new (for 127.0.0.1 at 2009-04-03 17:31:33) [GET]
  [4;36;1mUser Columns (20.1ms)[0m   [0;1mSHOW FIELDS FROM `users`[0m
Rendering template within layouts/users
Rendering users/new
Completed in 120ms (View: 54, DB: 23) | 200 OK [http://localhost/users/new]
  [4;35;1mSQL (1.9ms)[0m   [0mSET NAMES 'utf8'[0m
  [4;36;1mSQL (2.0ms)[0m   [0;1mSET SQL_AUTO_IS_NULL=0[0m


Processing UsersController#new (for 127.0.0.1 at 2009-04-03 17:31:33) [GET]
  [4;35;1mUser Columns (20.6ms)[0m   [0mSHOW FIELDS FROM `users`[0m
Rendering template within layouts/users
Rendering users/new
Completed in 69ms (View: 7, DB: 25) | 200 OK [http://localhost/users/new]
  [4;36;1mSQL (1.6ms)[0m   [0;1mSET NAMES 'utf8'[0m
  [4;35;1mSQL (1.6ms)[0m   [0mSET SQL_AUTO_IS_NULL=0[0m


Processing UsersController#create (for 127.0.0.1 at 2009-04-03 17:31:58) [POST]
  Parameters: {"commit"=>"Create", "authenticity_token"=>"R/f7lmoTJGy7xV85e9KoUbZHLxYqkQvheJW7i1mNbsM=", "user"=>{"hits"=>"0", "name"=>"Cleber Macedo", "gravatar"=>"cleber.macedo@teste.com.br"}}
  [4;36;1mUser Columns (17.8ms)[0m   [0;1mSHOW FIELDS FROM `users`[0m
  [4;35;1mSQL (2.6ms)[0m   [0mBEGIN[0m
  [4;36;1mUser Create (2.6ms)[0m   [0;1mINSERT INTO `users` (`name`, `hits`, `created_at`, `updated_at`, `gravatar`) VALUES('Cleber Macedo', 0, '2009-04-03 20:31:58', '2009-04-03 20:31:58', 'cleber.macedo@teste.com.br')[0m
  [4;35;1mSQL (64.5ms)[0m   [0mCOMMIT[0m
Redirected to http://localhost:3000/users/2
Completed in 124ms (DB: 91) | 302 Found [http://localhost/users]
  [4;36;1mSQL (2.3ms)[0m   [0;1mSET NAMES 'utf8'[0m
  [4;35;1mSQL (2.2ms)[0m   [0mSET SQL_AUTO_IS_NULL=0[0m


Processing UsersController#show (for 127.0.0.1 at 2009-04-03 17:31:58) [GET]
  Parameters: {"id"=>"2"}
  [4;36;1mUser Columns (24.1ms)[0m   [0;1mSHOW FIELDS FROM `users`[0m
  [4;35;1mUser Load (4.0ms)[0m   [0mSELECT * FROM `users` WHERE (`users`.`id` = 2) [0m
Rendering template within layouts/users
Rendering users/show
Completed in 74ms (View: 32, DB: 33) | 200 OK [http://localhost/users/2]
  [4;36;1mSQL (1.2ms)[0m   [0;1mSET NAMES 'utf8'[0m
  [4;35;1mSQL (1.3ms)[0m   [0mSET SQL_AUTO_IS_NULL=0[0m


Processing WelcomeController#index (for 127.0.0.1 at 2009-04-03 17:34:14) [GET]
  [4;36;1mHall Load (26.7ms)[0m   [0;1mSELECT * FROM `halls` [0m
Rendering welcome/index
  [4;35;1mHall Columns (25.5ms)[0m   [0mSHOW FIELDS FROM `halls`[0m
  [4;36;1mUser Load (13.6ms)[0m   [0;1mSELECT `users`.* FROM `users` INNER JOIN `winners` ON `users`.id = `winners`.user_id WHERE ((`winners`.hall_id = 1)) [0m
  [4;35;1mUser Columns (9.0ms)[0m   [0mSHOW FIELDS FROM `users`[0m
Completed in 122ms (View: 24, DB: 77) | 200 OK [http://localhost/]
  [4;36;1mSQL (1.7ms)[0m   [0;1mSET NAMES 'utf8'[0m
  [4;35;1mSQL (1.5ms)[0m   [0mSET SQL_AUTO_IS_NULL=0[0m


Processing WelcomeController#index (for 127.0.0.1 at 2009-04-03 17:35:36) [GET]
  [4;36;1mHall Columns (33.7ms)[0m   [0;1mSHOW FIELDS FROM `halls`[0m
  [4;35;1mHall Load (6.7ms)[0m   [0mSELECT * FROM `halls` WHERE (`halls`.`date` = '2009-04-03 17:35:36') LIMIT 1[0m
Rendering welcome/index

ActionView::TemplateError (You have a nil object when you didn't expect it!
You might have expected an instance of Array.
The error occurred while evaluating nil.each) on line #19 of app/views/welcome/index.html.erb:
16:          <%= submit_tag :enviar %>
17: 	</div>
18: 	<div id="right">
19:    	  <% for hall in @halls %>
20:  	    <% for user in hall.users %>
21: 	      <%= user.name %><br>
22:             <% end %>

    app/views/welcome/index.html.erb:19

Rendered rescues/_trace (278.0ms)
Rendered rescues/_request_and_response (0.7ms)
Rendering rescues/layout (internal_server_error)
  [4;36;1mSQL (1.3ms)[0m   [0;1mSET NAMES 'utf8'[0m
  [4;35;1mSQL (1.4ms)[0m   [0mSET SQL_AUTO_IS_NULL=0[0m


Processing WelcomeController#index (for 127.0.0.1 at 2009-04-03 17:36:28) [GET]

NoMethodError (private method `now' called for Date:Class):
  app/controllers/welcome_controller.rb:3:in `index'

Rendered rescues/_trace (112.8ms)
Rendered rescues/_request_and_response (1.2ms)
Rendering rescues/layout (internal_server_error)
  [4;36;1mSQL (1.3ms)[0m   [0;1mSET NAMES 'utf8'[0m
  [4;35;1mSQL (1.6ms)[0m   [0mSET SQL_AUTO_IS_NULL=0[0m


Processing WelcomeController#index (for 127.0.0.1 at 2009-04-03 17:36:53) [GET]
  [4;36;1mHall Columns (13.5ms)[0m   [0;1mSHOW FIELDS FROM `halls`[0m
  [4;35;1mHall Load (7.5ms)[0m   [0mSELECT * FROM `halls` WHERE (`halls`.`date` = '2009-04-03 00:00:00') LIMIT 1[0m
Rendering welcome/index

ActionView::TemplateError (You have a nil object when you didn't expect it!
You might have expected an instance of Array.
The error occurred while evaluating nil.each) on line #19 of app/views/welcome/index.html.erb:
16:          <%= submit_tag :enviar %>
17: 	</div>
18: 	<div id="right">
19:    	  <% for hall in @halls %>
20:  	    <% for user in hall.users %>
21: 	      <%= user.name %><br>
22:             <% end %>

    app/views/welcome/index.html.erb:19

Rendered rescues/_trace (137.5ms)
Rendered rescues/_request_and_response (0.4ms)
Rendering rescues/layout (internal_server_error)
  [4;36;1mSQL (1.6ms)[0m   [0;1mSET NAMES 'utf8'[0m
  [4;35;1mSQL (1.3ms)[0m   [0mSET SQL_AUTO_IS_NULL=0[0m


Processing HallsController#index (for 127.0.0.1 at 2009-04-03 17:37:43) [GET]
  [4;36;1mHall Load (6.5ms)[0m   [0;1mSELECT * FROM `halls` [0m
Rendering template within layouts/halls
Rendering halls/index
  [4;35;1mHall Columns (19.4ms)[0m   [0mSHOW FIELDS FROM `halls`[0m
Completed in 59ms (View: 9, DB: 29) | 200 OK [http://localhost/halls]
  [4;36;1mSQL (1.7ms)[0m   [0;1mSET NAMES 'utf8'[0m
  [4;35;1mSQL (1.9ms)[0m   [0mSET SQL_AUTO_IS_NULL=0[0m


Processing HallsController#edit (for 127.0.0.1 at 2009-04-03 17:37:48) [GET]
  Parameters: {"id"=>"1"}
  [4;36;1mHall Columns (48.2ms)[0m   [0;1mSHOW FIELDS FROM `halls`[0m
  [4;35;1mHall Load (3.8ms)[0m   [0mSELECT * FROM `halls` WHERE (`halls`.`id` = 1) [0m
Rendering template within layouts/halls
Rendering halls/edit
Completed in 162ms (View: 88, DB: 56) | 200 OK [http://localhost/halls/1/edit]
  [4;36;1mSQL (1.6ms)[0m   [0;1mSET NAMES 'utf8'[0m
  [4;35;1mSQL (2.4ms)[0m   [0mSET SQL_AUTO_IS_NULL=0[0m


Processing HallsController#edit (for 127.0.0.1 at 2009-04-03 17:37:49) [GET]
  Parameters: {"id"=>"1"}
  [4;36;1mHall Columns (23.3ms)[0m   [0;1mSHOW FIELDS FROM `halls`[0m
  [4;35;1mHall Load (2.5ms)[0m   [0mSELECT * FROM `halls` WHERE (`halls`.`id` = 1) [0m
Rendering template within layouts/halls
Rendering halls/edit
Completed in 129ms (View: 55, DB: 30) | 200 OK [http://localhost/halls/1/edit]
  [4;36;1mSQL (2.6ms)[0m   [0;1mSET NAMES 'utf8'[0m
  [4;35;1mSQL (2.3ms)[0m   [0mSET SQL_AUTO_IS_NULL=0[0m


Processing HallsController#update (for 127.0.0.1 at 2009-04-03 17:38:10) [PUT]
  Parameters: {"commit"=>"Update", "hall"=>{"date(1i)"=>"2009", "date(2i)"=>"4", "date(3i)"=>"3", "date(4i)"=>"00", "date(5i)"=>"00", "charade_id"=>"1"}, "authenticity_token"=>"R/f7lmoTJGy7xV85e9KoUbZHLxYqkQvheJW7i1mNbsM=", "id"=>"1"}
  [4;36;1mHall Columns (22.5ms)[0m   [0;1mSHOW FIELDS FROM `halls`[0m
  [4;35;1mHall Load (2.9ms)[0m   [0mSELECT * FROM `halls` WHERE (`halls`.`id` = 1) [0m
  [4;36;1mSQL (22.3ms)[0m   [0;1mBEGIN[0m
  [4;35;1mHall Update (8.6ms)[0m   [0mUPDATE `halls` SET `updated_at` = '2009-04-03 20:38:10', `date` = '2009-04-03 00:00:00' WHERE `id` = 1[0m
  [4;36;1mSQL (51.1ms)[0m   [0;1mCOMMIT[0m
Redirected to http://localhost:3000/halls/1
Completed in 297ms (DB: 112) | 302 Found [http://localhost/halls/1]
  [4;35;1mSQL (2.0ms)[0m   [0mSET NAMES 'utf8'[0m
  [4;36;1mSQL (2.3ms)[0m   [0;1mSET SQL_AUTO_IS_NULL=0[0m


Processing HallsController#show (for 127.0.0.1 at 2009-04-03 17:38:10) [GET]
  Parameters: {"id"=>"1"}
  [4;35;1mHall Columns (30.5ms)[0m   [0mSHOW FIELDS FROM `halls`[0m
  [4;36;1mHall Load (3.4ms)[0m   [0;1mSELECT * FROM `halls` WHERE (`halls`.`id` = 1) [0m
Rendering template within layouts/halls
Rendering halls/show
Completed in 98ms (View: 26, DB: 38) | 200 OK [http://localhost/halls/1]
  [4;35;1mSQL (1.6ms)[0m   [0mSET NAMES 'utf8'[0m
  [4;36;1mSQL (1.3ms)[0m   [0;1mSET SQL_AUTO_IS_NULL=0[0m


Processing WelcomeController#index (for 127.0.0.1 at 2009-04-03 17:38:17) [GET]
  [4;35;1mHall Columns (53.7ms)[0m   [0mSHOW FIELDS FROM `halls`[0m
  [4;36;1mHall Load (3.6ms)[0m   [0;1mSELECT * FROM `halls` WHERE (`halls`.`date` = '2009-04-03 00:00:00') LIMIT 1[0m
Rendering welcome/index

ActionView::TemplateError (undefined method `each' for #<Hall:0xb782ab24>) on line #19 of app/views/welcome/index.html.erb:
16:          <%= submit_tag :enviar %>
17: 	</div>
18: 	<div id="right">
19:    	  <% for hall in @halls %>
20:  	    <% for user in hall.users %>
21: 	      <%= user.name %><br>
22:             <% end %>

    app/views/welcome/index.html.erb:19

Rendered rescues/_trace (256.2ms)
Rendered rescues/_request_and_response (1.0ms)
Rendering rescues/layout (internal_server_error)
  [4;35;1mSQL (1.3ms)[0m   [0mSET NAMES 'utf8'[0m
  [4;36;1mSQL (1.2ms)[0m   [0;1mSET SQL_AUTO_IS_NULL=0[0m


Processing WelcomeController#index (for 127.0.0.1 at 2009-04-03 17:40:23) [GET]
  [4;35;1mHall Columns (31.5ms)[0m   [0mSHOW FIELDS FROM `halls`[0m
  [4;36;1mHall Load (3.0ms)[0m   [0;1mSELECT * FROM `halls` WHERE (`halls`.`date` = '2009-04-03 00:00:00') LIMIT 1[0m
Rendering welcome/index
  [4;35;1mUser Load (2.8ms)[0m   [0mSELECT `users`.* FROM `users` INNER JOIN `winners` ON `users`.id = `winners`.user_id WHERE ((`winners`.hall_id = 1)) [0m
  [4;36;1mUser Columns (28.7ms)[0m   [0;1mSHOW FIELDS FROM `users`[0m
Completed in 260ms (View: 168, DB: 68) | 200 OK [http://localhost/]
  [4;35;1mSQL (4.0ms)[0m   [0mSET NAMES 'utf8'[0m
  [4;36;1mSQL (3.7ms)[0m   [0;1mSET SQL_AUTO_IS_NULL=0[0m


Processing WelcomeController#index (for 127.0.0.1 at 2009-04-03 17:43:46) [GET]
  [4;35;1mHall Columns (42.3ms)[0m   [0mSHOW FIELDS FROM `halls`[0m
  [4;36;1mHall Load (32.0ms)[0m   [0;1mSELECT * FROM `halls` WHERE (`halls`.`date` = '2009-04-03 00:00:00') LIMIT 1[0m
Rendering welcome/index
  [4;35;1mUser Load (14.1ms)[0m   [0mSELECT `users`.* FROM `users` INNER JOIN `winners` ON `users`.id = `winners`.user_id WHERE ((`winners`.hall_id = 1)) [0m
  [4;36;1mUser Columns (24.9ms)[0m   [0;1mSHOW FIELDS FROM `users`[0m
Completed in 405ms (View: 132, DB: 121) | 200 OK [http://localhost/]
  [4;35;1mSQL (7.3ms)[0m   [0mSET NAMES 'utf8'[0m
  [4;36;1mSQL (9.2ms)[0m   [0;1mSET SQL_AUTO_IS_NULL=0[0m


Processing WelcomeController#index (for 127.0.0.1 at 2009-04-03 17:44:04) [GET]
  [4;35;1mHall Columns (33.1ms)[0m   [0mSHOW FIELDS FROM `halls`[0m
  [4;36;1mHall Load (12.5ms)[0m   [0;1mSELECT * FROM `halls` WHERE (`halls`.`date` = '2009-04-03 00:00:00') LIMIT 1[0m
Rendering welcome/index
  [4;35;1mUser Load (11.0ms)[0m   [0mSELECT `users`.* FROM `users` INNER JOIN `winners` ON `users`.id = `winners`.user_id WHERE ((`winners`.hall_id = 1)) [0m
  [4;36;1mUser Columns (21.5ms)[0m   [0;1mSHOW FIELDS FROM `users`[0m
Completed in 249ms (View: 87, DB: 95) | 200 OK [http://localhost/]
  [4;35;1mSQL (2.3ms)[0m   [0mSET NAMES 'utf8'[0m
  [4;36;1mSQL (6.0ms)[0m   [0;1mSET SQL_AUTO_IS_NULL=0[0m


Processing WelcomeController#index (for 127.0.0.1 at 2009-04-03 17:45:12) [GET]
  [4;35;1mHall Columns (75.5ms)[0m   [0mSHOW FIELDS FROM `halls`[0m
  [4;36;1mHall Load (20.3ms)[0m   [0;1mSELECT * FROM `halls` WHERE (`halls`.`date` = '2009-04-03 00:00:00') LIMIT 1[0m
Rendering welcome/index
  [4;35;1mUser Load (14.4ms)[0m   [0mSELECT `users`.* FROM `users` INNER JOIN `winners` ON `users`.id = `winners`.user_id WHERE ((`winners`.hall_id = 1)) [0m
  [4;36;1mUser Columns (34.7ms)[0m   [0;1mSHOW FIELDS FROM `users`[0m
Completed in 813ms (View: 398, DB: 153) | 200 OK [http://localhost/]
  [4;35;1mSQL (5.5ms)[0m   [0mSET NAMES 'utf8'[0m
  [4;36;1mSQL (2.4ms)[0m   [0;1mSET SQL_AUTO_IS_NULL=0[0m


Processing WelcomeController#index (for 127.0.0.1 at 2009-04-03 17:45:36) [GET]
  [4;35;1mHall Columns (18.1ms)[0m   [0mSHOW FIELDS FROM `halls`[0m
  [4;36;1mHall Load (7.7ms)[0m   [0;1mSELECT * FROM `halls` WHERE (`halls`.`date` = '2009-04-03 00:00:00') LIMIT 1[0m
Rendering welcome/index
  [4;35;1mUser Load (17.0ms)[0m   [0mSELECT `users`.* FROM `users` INNER JOIN `winners` ON `users`.id = `winners`.user_id WHERE ((`winners`.hall_id = 1)) [0m
  [4;36;1mUser Columns (33.0ms)[0m   [0;1mSHOW FIELDS FROM `users`[0m
Completed in 748ms (View: 485, DB: 84) | 200 OK [http://localhost/]
  [4;35;1mSQL (2.3ms)[0m   [0mSET NAMES 'utf8'[0m
  [4;36;1mSQL (2.8ms)[0m   [0;1mSET SQL_AUTO_IS_NULL=0[0m


Processing WelcomeController#index (for 127.0.0.1 at 2009-04-03 17:48:09) [GET]
  [4;35;1mHall Columns (33.7ms)[0m   [0mSHOW FIELDS FROM `halls`[0m
  [4;36;1mHall Load (14.3ms)[0m   [0;1mSELECT * FROM `halls` WHERE (`halls`.`date` = '2009-04-03 00:00:00') LIMIT 1[0m
Rendering welcome/index

ActionView::TemplateError (undefined method `charada' for #<Hall:0xb7887dd8>) on line #18 of app/views/welcome/index.html.erb:
15: 	 Insira seu Gravatar<br>
16:          <%= text_field_tag :gravatar %><br>
17: 	   O que é o que é?<br>
18: 	   <%= @hall.charada.question %><br>
19:            resposta:<br>
20:          <%= text_field_tag :teste %>
21:          <%= submit_tag :enviar %>

    app/views/welcome/index.html.erb:18

Rendered rescues/_trace (260.6ms)
Rendered rescues/_request_and_response (277.6ms)
Rendering rescues/layout (internal_server_error)
  [4;35;1mSQL (2.2ms)[0m   [0mSET NAMES 'utf8'[0m
  [4;36;1mSQL (1.5ms)[0m   [0;1mSET SQL_AUTO_IS_NULL=0[0m


Processing WelcomeController#index (for 127.0.0.1 at 2009-04-03 17:49:10) [GET]
  [4;35;1mHall Columns (56.1ms)[0m   [0mSHOW FIELDS FROM `halls`[0m
  [4;36;1mHall Load (7.1ms)[0m   [0;1mSELECT * FROM `halls` WHERE (`halls`.`date` = '2009-04-03 00:00:00') LIMIT 1[0m
Rendering welcome/index

ActionView::TemplateError (undefined method `charada' for #<Hall:0xb771b51c>) on line #18 of app/views/welcome/index.html.erb:
15: 	 Insira seu Gravatar<br>
16:          <%= text_field_tag :gravatar %><br>
17: 	   O que é o que é?<br>
18: 	   <%= @hall.charada.question %><br>
19:            resposta:<br>
20:          <%= text_field_tag :teste %>
21:          <%= submit_tag :enviar %>

    app/views/welcome/index.html.erb:18

Rendered rescues/_trace (637.0ms)
Rendered rescues/_request_and_response (0.6ms)
Rendering rescues/layout (internal_server_error)
  [4;35;1mSQL (7.5ms)[0m   [0mSET NAMES 'utf8'[0m
  [4;36;1mSQL (2.1ms)[0m   [0;1mSET SQL_AUTO_IS_NULL=0[0m


Processing WelcomeController#index (for 127.0.0.1 at 2009-04-03 17:49:29) [GET]
  [4;35;1mHall Columns (31.3ms)[0m   [0mSHOW FIELDS FROM `halls`[0m
  [4;36;1mHall Load (19.4ms)[0m   [0;1mSELECT * FROM `halls` WHERE (`halls`.`date` = '2009-04-03 00:00:00') LIMIT 1[0m
Rendering welcome/index
  [4;35;1mCharade Columns (480.3ms)[0m   [0mSHOW FIELDS FROM `charades`[0m
  [4;36;1mCharade Load (511.9ms)[0m   [0;1mSELECT * FROM `charades` WHERE (`charades`.`id` = 1) [0m
  [4;35;1mUser Load (37.8ms)[0m   [0mSELECT `users`.* FROM `users` INNER JOIN `winners` ON `users`.id = `winners`.user_id WHERE ((`winners`.hall_id = 1)) [0m
  [4;36;1mUser Columns (25.7ms)[0m   [0;1mSHOW FIELDS FROM `users`[0m
Completed in 1314ms (View: 158, DB: 1116) | 200 OK [http://localhost/]
  [4;35;1mSQL (1.3ms)[0m   [0mSET NAMES 'utf8'[0m
  [4;36;1mSQL (1.2ms)[0m   [0;1mSET SQL_AUTO_IS_NULL=0[0m


Processing WelcomeController#index (for 127.0.0.1 at 2009-04-03 17:51:08) [GET]
  [4;35;1mHall Columns (45.1ms)[0m   [0mSHOW FIELDS FROM `halls`[0m
  [4;36;1mHall Load (2.7ms)[0m   [0;1mSELECT * FROM `halls` WHERE (`halls`.`date` = '2009-04-03 00:00:00') LIMIT 1[0m
Rendering welcome/index
  [4;35;1mCharade Columns (14.9ms)[0m   [0mSHOW FIELDS FROM `charades`[0m
  [4;36;1mCharade Load (4.3ms)[0m   [0;1mSELECT * FROM `charades` WHERE (`charades`.`id` = 1) [0m
  [4;35;1mUser Load (3.2ms)[0m   [0mSELECT `users`.* FROM `users` INNER JOIN `winners` ON `users`.id = `winners`.user_id WHERE ((`winners`.hall_id = 1)) [0m
  [4;36;1mUser Columns (24.2ms)[0m   [0;1mSHOW FIELDS FROM `users`[0m
Completed in 218ms (View: 108, DB: 97) | 200 OK [http://localhost/]
  [4;35;1mSQL (1.4ms)[0m   [0mSET NAMES 'utf8'[0m
  [4;36;1mSQL (1.6ms)[0m   [0;1mSET SQL_AUTO_IS_NULL=0[0m


Processing WelcomeController#index (for 127.0.0.1 at 2009-04-03 17:51:24) [GET]
  [4;35;1mHall Columns (24.2ms)[0m   [0mSHOW FIELDS FROM `halls`[0m
  [4;36;1mHall Load (6.8ms)[0m   [0;1mSELECT * FROM `halls` WHERE (`halls`.`date` = '2009-04-03 00:00:00') LIMIT 1[0m
Rendering welcome/index
  [4;35;1mCharade Columns (37.2ms)[0m   [0mSHOW FIELDS FROM `charades`[0m
  [4;36;1mCharade Load (5.0ms)[0m   [0;1mSELECT * FROM `charades` WHERE (`charades`.`id` = 1) [0m
  [4;35;1mUser Load (13.7ms)[0m   [0mSELECT `users`.* FROM `users` INNER JOIN `winners` ON `users`.id = `winners`.user_id WHERE ((`winners`.hall_id = 1)) [0m
  [4;36;1mUser Columns (14.0ms)[0m   [0;1mSHOW FIELDS FROM `users`[0m
Completed in 274ms (View: 124, DB: 104) | 200 OK [http://localhost/]
